TN:
SF:src\app\page.tsx
FN:76,HomePage
FN:82,(anonymous_6)
FN:219,(anonymous_7)
FNF:3
FNH:0
FNDA:0,HomePage
FNDA:0,(anonymous_6)
FNDA:0,(anonymous_7)
DA:3,0
DA:4,0
DA:5,0
DA:15,0
DA:16,0
DA:18,0
DA:69,0
DA:76,0
DA:77,0
DA:78,0
DA:79,0
DA:82,0
DA:83,0
DA:84,0
DA:89,0
DA:101,0
DA:102,0
DA:220,0
DA:221,0
LF:19
LH:0
BRDA:83,0,0,0
BRDA:83,1,0,0
BRDA:83,1,1,0
BRDA:89,2,0,0
BRDA:101,3,0,0
BRF:5
BRH:0
end_of_record
TN:
SF:src\app\dashboard\page.tsx
FN:12,DashboardPage
FN:15,(anonymous_3)
FNF:2
FNH:0
FNDA:0,DashboardPage
FNDA:0,(anonymous_3)
DA:3,0
DA:4,0
DA:5,0
DA:6,0
DA:7,0
DA:8,0
DA:9,0
DA:10,0
DA:12,0
DA:13,0
DA:15,0
DA:16,0
DA:18,0
DA:20,0
DA:22,0
DA:24,0
DA:26,0
DA:28,0
LF:18
LH:0
BRDA:16,0,0,0
BRDA:18,1,0,0
BRDA:18,1,1,0
BRDA:18,1,2,0
BRDA:18,1,3,0
BRDA:18,1,4,0
BRF:6
BRH:0
end_of_record
TN:
SF:src\app\groups\page.tsx
FN:8,GroupsPage
FNF:1
FNH:0
FNDA:0,GroupsPage
DA:3,0
DA:4,0
DA:5,0
DA:6,0
DA:8,0
LF:5
LH:0
BRF:0
BRH:0
end_of_record
TN:
SF:src\app\groups\[id]\page.tsx
FN:9,GroupDetailPage
FNF:1
FNH:0
FNDA:0,GroupDetailPage
DA:3,0
DA:4,0
DA:5,0
DA:6,0
DA:7,0
DA:9,0
DA:10,0
DA:11,0
LF:8
LH:0
BRF:0
BRH:0
end_of_record
TN:
SF:src\app\groups\[id]\attendance\page.tsx
FN:9,GroupAttendancePage
FNF:1
FNH:0
FNDA:0,GroupAttendancePage
DA:3,0
DA:4,0
DA:5,0
DA:6,0
DA:7,0
DA:9,0
DA:10,0
DA:11,0
LF:8
LH:0
BRF:0
BRH:0
end_of_record
TN:
SF:src\app\groups\[id]\attendance\[sessionId]\page.tsx
FN:9,AttendanceSessionPage
FNF:1
FNH:0
FNDA:0,AttendanceSessionPage
DA:3,0
DA:4,0
DA:5,0
DA:6,0
DA:7,0
DA:9,0
DA:10,0
DA:11,0
DA:12,0
LF:9
LH:0
BRF:0
BRH:0
end_of_record
TN:
SF:src\app\groups\[id]\attendance\new\page.tsx
FN:9,NewAttendancePage
FNF:1
FNH:0
FNDA:0,NewAttendancePage
DA:3,0
DA:4,0
DA:5,0
DA:6,0
DA:7,0
DA:9,0
DA:10,0
DA:11,0
LF:8
LH:0
BRF:0
BRH:0
end_of_record
TN:
SF:src\app\groups\[id]\edit\page.tsx
FN:9,EditGroupPage
FNF:1
FNH:0
FNDA:0,EditGroupPage
DA:3,0
DA:4,0
DA:5,0
DA:6,0
DA:7,0
DA:9,0
DA:10,0
DA:11,0
LF:8
LH:0
BRF:0
BRH:0
end_of_record
TN:
SF:src\app\groups\new\page.tsx
FN:8,NewGroupPage
FNF:1
FNH:0
FNDA:0,NewGroupPage
DA:3,0
DA:4,0
DA:5,0
DA:6,0
DA:8,0
LF:5
LH:0
BRF:0
BRH:0
end_of_record
TN:
SF:src\app\journey-templates\page.tsx
FN:8,JourneyTemplatesPage
FNF:1
FNH:0
FNDA:0,JourneyTemplatesPage
DA:3,0
DA:4,0
DA:5,0
DA:6,0
DA:8,0
LF:5
LH:0
BRF:0
BRH:0
end_of_record
TN:
SF:src\app\journey-templates\new\page.tsx
FN:8,NewJourneyTemplatePage
FNF:1
FNH:0
FNDA:0,NewJourneyTemplatePage
DA:3,0
DA:4,0
DA:5,0
DA:6,0
DA:8,0
LF:5
LH:0
BRF:0
BRH:0
end_of_record
TN:
SF:src\app\journeys\page.tsx
FN:8,JourneysPage
FNF:1
FNH:0
FNDA:0,JourneysPage
DA:3,0
DA:4,0
DA:5,0
DA:6,0
DA:8,0
LF:5
LH:0
BRF:0
BRH:0
end_of_record
TN:
SF:src\app\journeys\[id]\page.tsx
FN:9,JourneyProgressPage
FNF:1
FNH:0
FNDA:0,JourneyProgressPage
DA:3,0
DA:4,0
DA:5,0
DA:6,0
DA:7,0
DA:9,0
DA:10,0
DA:11,0
LF:8
LH:0
BRF:0
BRH:0
end_of_record
TN:
SF:src\app\journeys\assign\page.tsx
FN:8,AssignJourneyPage
FNF:1
FNH:0
FNDA:0,AssignJourneyPage
DA:3,0
DA:4,0
DA:5,0
DA:6,0
DA:8,0
LF:5
LH:0
BRF:0
BRH:0
end_of_record
TN:
SF:src\app\login\page.tsx
FN:9,LoginPage
FN:16,(anonymous_6)
FN:67,(anonymous_7)
FN:85,(anonymous_8)
FN:90,(anonymous_9)
FNF:5
FNH:0
FNDA:0,LoginPage
FNDA:0,(anonymous_6)
FNDA:0,(anonymous_7)
FNDA:0,(anonymous_8)
FNDA:0,(anonymous_9)
DA:3,0
DA:4,0
DA:5,0
DA:6,0
DA:7,0
DA:9,0
DA:10,0
DA:11,0
DA:12,0
DA:13,0
DA:14,0
DA:16,0
DA:17,0
DA:18,0
DA:20,0
DA:21,0
DA:22,0
DA:67,0
DA:85,0
DA:90,0
LF:20
LH:0
BRDA:47,0,0,0
BRDA:79,1,0,0
BRDA:79,1,1,0
BRDA:93,2,0,0
BRDA:128,3,0,0
BRDA:128,3,1,0
BRF:6
BRH:0
end_of_record
TN:
SF:src\app\members\page.tsx
FN:8,MembersPage
FNF:1
FNH:0
FNDA:0,MembersPage
DA:3,0
DA:4,0
DA:5,0
DA:6,0
DA:8,0
LF:5
LH:0
BRF:0
BRH:0
end_of_record
TN:
SF:src\app\members\[id]\page.tsx
FN:26,MemberDetailPage
FN:32,(anonymous_6)
FN:36,(anonymous_7)
FN:49,(anonymous_8)
FN:64,(anonymous_9)
FN:74,(anonymous_10)
FN:324,(anonymous_11)
FNF:7
FNH:0
FNDA:0,MemberDetailPage
FNDA:0,(anonymous_6)
FNDA:0,(anonymous_7)
FNDA:0,(anonymous_8)
FNDA:0,(anonymous_9)
FNDA:0,(anonymous_10)
FNDA:0,(anonymous_11)
DA:3,0
DA:4,0
DA:5,0
DA:18,0
DA:20,0
DA:26,0
DA:27,0
DA:28,0
DA:29,0
DA:30,0
DA:32,0
DA:33,0
DA:36,0
DA:37,0
DA:38,0
DA:39,0
DA:40,0
DA:41,0
DA:43,0
DA:45,0
DA:49,0
DA:50,0
DA:52,0
DA:53,0
DA:56,0
DA:57,0
DA:58,0
DA:60,0
DA:64,0
DA:65,0
DA:66,0
DA:67,0
DA:68,0
DA:69,0
DA:70,0
DA:74,0
DA:75,0
DA:78,0
DA:89,0
DA:112,0
DA:325,0
LF:41
LH:0
BRDA:43,0,0,0
BRDA:43,0,1,0
BRDA:50,1,0,0
BRDA:52,2,0,0
BRDA:60,3,0,0
BRDA:60,3,1,0
BRDA:65,4,0,0
BRDA:65,4,1,0
BRDA:65,4,2,0
BRDA:65,4,3,0
BRDA:65,4,4,0
BRDA:75,5,0,0
BRDA:75,5,1,0
BRDA:78,6,0,0
BRDA:89,7,0,0
BRDA:112,8,0,0
BRDA:142,9,0,0
BRDA:194,10,0,0
BRDA:204,11,0,0
BRDA:214,12,0,0
BRDA:224,13,0,0
BRDA:224,13,1,0
BRDA:230,14,0,0
BRDA:231,15,0,0
BRDA:231,15,1,0
BRDA:231,15,2,0
BRDA:234,16,0,0
BRDA:234,16,1,0
BRDA:234,16,2,0
BRDA:246,17,0,0
BRDA:252,18,0,0
BRDA:255,19,0,0
BRDA:258,20,0,0
BRDA:266,21,0,0
BRDA:266,21,1,0
BRDA:266,21,2,0
BRDA:274,22,0,0
BRDA:281,23,0,0
BRDA:288,24,0,0
BRDA:295,25,0,0
BRDA:306,26,0,0
BRDA:317,27,0,0
BRDA:317,27,1,0
BRDA:337,28,0,0
BRDA:359,29,0,0
BRDA:359,29,1,0
BRDA:366,30,0,0
BRDA:366,30,1,0
BRF:48
BRH:0
end_of_record
TN:
SF:src\app\members\[id]\edit\page.tsx
FN:15,EditMemberPage
FN:21,(anonymous_6)
FN:25,(anonymous_7)
FN:38,(anonymous_8)
FN:43,(anonymous_9)
FNF:5
FNH:0
FNDA:0,EditMemberPage
FNDA:0,(anonymous_6)
FNDA:0,(anonymous_7)
FNDA:0,(anonymous_8)
FNDA:0,(anonymous_9)
DA:3,0
DA:4,0
DA:5,0
DA:6,0
DA:8,0
DA:9,0
DA:15,0
DA:16,0
DA:17,0
DA:18,0
DA:19,0
DA:21,0
DA:22,0
DA:25,0
DA:26,0
DA:27,0
DA:28,0
DA:29,0
DA:30,0
DA:32,0
DA:34,0
DA:38,0
DA:40,0
DA:43,0
DA:45,0
DA:48,0
DA:59,0
DA:82,0
LF:28
LH:0
BRDA:32,0,0,0
BRDA:32,0,1,0
BRDA:48,1,0,0
BRDA:59,2,0,0
BRDA:82,3,0,0
BRF:5
BRH:0
end_of_record
TN:
SF:src\app\members\new\page.tsx
FN:6,NewMemberPage
FNF:1
FNH:0
FNDA:0,NewMemberPage
DA:3,0
DA:4,0
DA:6,0
LF:3
LH:0
BRF:0
BRH:0
end_of_record
TN:
SF:src\app\register\page.tsx
FN:9,RegisterPage
FN:24,(anonymous_6)
FN:25,(anonymous_7)
FN:31,(anonymous_8)
FN:213,(anonymous_9)
FN:244,(anonymous_10)
FNF:6
FNH:0
FNDA:0,RegisterPage
FNDA:0,(anonymous_6)
FNDA:0,(anonymous_7)
FNDA:0,(anonymous_8)
FNDA:0,(anonymous_9)
FNDA:0,(anonymous_10)
DA:3,0
DA:4,0
DA:5,0
DA:6,0
DA:7,0
DA:9,0
DA:10,0
DA:19,0
DA:20,0
DA:21,0
DA:22,0
DA:24,0
DA:25,0
DA:31,0
DA:32,0
DA:33,0
DA:35,0
DA:36,0
DA:39,0
DA:40,0
DA:48,0
DA:213,0
DA:244,0
LF:23
LH:0
BRDA:35,0,0,0
BRDA:45,1,0,0
BRDA:45,1,1,0
BRDA:73,2,0,0
BRDA:87,3,0,0
BRDA:87,3,1,0
BRDA:104,4,0,0
BRDA:104,4,1,0
BRDA:176,5,0,0
BRDA:202,6,0,0
BRDA:202,6,1,0
BRDA:216,7,0,0
BRDA:233,8,0,0
BRDA:233,8,1,0
BRDA:247,9,0,0
BRDA:253,10,0,0
BRDA:253,10,1,0
BRDA:262,11,0,0
BRDA:262,11,1,0
BRDA:265,12,0,0
BRDA:265,12,1,0
BRF:21
BRH:0
end_of_record
TN:
SF:src\components\attendance\AttendanceForm.tsx
FN:25,AttendanceForm
FN:49,(anonymous_5)
FN:53,(anonymous_6)
FN:68,(anonymous_7)
FN:83,(anonymous_8)
FN:84,(anonymous_9)
FN:90,(anonymous_10)
FN:91,(anonymous_11)
FN:100,(anonymous_12)
FN:102,(anonymous_13)
FN:108,(anonymous_14)
FN:127,(anonymous_15)
FN:143,(anonymous_16)
FN:153,(anonymous_17)
FN:164,(anonymous_18)
FN:165,(anonymous_19)
FN:166,(anonymous_20)
FN:167,(anonymous_21)
FN:204,(anonymous_22)
FN:216,(anonymous_23)
FN:228,(anonymous_24)
FN:240,(anonymous_25)
FN:254,(anonymous_26)
FN:270,(anonymous_27)
FN:277,(anonymous_28)
FN:312,(anonymous_29)
FN:330,(anonymous_30)
FN:334,(anonymous_31)
FN:353,(anonymous_32)
FN:366,(anonymous_33)
FNF:30
FNH:3
FNDA:2,AttendanceForm
FNDA:1,(anonymous_5)
FNDA:1,(anonymous_6)
FNDA:0,(anonymous_7)
FNDA:0,(anonymous_8)
FNDA:0,(anonymous_9)
FNDA:0,(anonymous_10)
FNDA:0,(anonymous_11)
FNDA:0,(anonymous_12)
FNDA:0,(anonymous_13)
FNDA:0,(anonymous_14)
FNDA:0,(anonymous_15)
FNDA:0,(anonymous_16)
FNDA:0,(anonymous_17)
FNDA:0,(anonymous_18)
FNDA:0,(anonymous_19)
FNDA:0,(anonymous_20)
FNDA:0,(anonymous_21)
FNDA:0,(anonymous_22)
FNDA:0,(anonymous_23)
FNDA:0,(anonymous_24)
FNDA:0,(anonymous_25)
FNDA:0,(anonymous_26)
FNDA:0,(anonymous_27)
FNDA:0,(anonymous_28)
FNDA:0,(anonymous_29)
FNDA:0,(anonymous_30)
FNDA:0,(anonymous_31)
FNDA:0,(anonymous_32)
FNDA:0,(anonymous_33)
DA:3,1
DA:4,1
DA:5,1
DA:6,1
DA:7,1
DA:19,1
DA:25,1
DA:26,2
DA:27,2
DA:28,2
DA:29,2
DA:30,2
DA:31,2
DA:32,2
DA:34,2
DA:42,2
DA:49,2
DA:50,1
DA:53,2
DA:54,1
DA:55,1
DA:56,1
DA:58,1
DA:63,0
DA:64,0
DA:67,0
DA:68,0
DA:69,0
DA:74,0
DA:77,1
DA:79,1
DA:83,2
DA:84,0
DA:90,2
DA:91,0
DA:100,2
DA:101,0
DA:102,0
DA:103,0
DA:105,0
DA:108,2
DA:109,0
DA:111,0
DA:112,0
DA:113,0
DA:116,0
DA:117,0
DA:119,0
DA:120,0
DA:127,0
DA:134,0
DA:135,0
DA:137,0
DA:139,0
DA:143,2
DA:144,0
DA:145,0
DA:146,0
DA:147,0
DA:148,0
DA:149,0
DA:153,2
DA:154,0
DA:163,2
DA:164,0
DA:165,0
DA:166,0
DA:167,0
DA:171,2
DA:204,0
DA:216,0
DA:228,0
DA:240,0
DA:254,0
DA:270,0
DA:277,0
DA:313,0
DA:315,0
DA:331,0
DA:334,0
DA:353,0
DA:366,0
LF:82
LH:33
BRDA:77,0,0,1
BRDA:77,0,1,0
BRDA:111,1,0,0
BRDA:123,2,0,0
BRDA:123,2,1,0
BRDA:124,3,0,0
BRDA:124,3,1,0
BRDA:125,4,0,0
BRDA:125,4,1,0
BRDA:126,5,0,0
BRDA:126,5,1,0
BRDA:130,6,0,0
BRDA:130,6,1,0
BRDA:137,7,0,0
BRDA:137,7,1,0
BRDA:144,8,0,0
BRDA:144,8,1,0
BRDA:144,8,2,0
BRDA:144,8,3,0
BRDA:144,8,4,0
BRDA:171,9,0,1
BRDA:181,10,0,1
BRDA:313,11,0,0
BRDA:313,11,1,0
BRDA:320,12,0,0
BRDA:323,13,0,0
BRDA:336,14,0,0
BRDA:336,14,1,0
BRDA:377,15,0,0
BRF:29
BRH:3
end_of_record
TN:
SF:src\components\attendance\AttendanceHistory.tsx
FN:27,AttendanceHistory
FN:48,(anonymous_6)
FN:52,(anonymous_7)
FN:53,(anonymous_8)
FN:59,(anonymous_9)
FN:85,(anonymous_10)
FN:86,(anonymous_11)
FN:93,(anonymous_12)
FN:97,(anonymous_13)
FN:113,(anonymous_14)
FN:122,(anonymous_15)
FN:131,(anonymous_16)
FN:167,(anonymous_17)
FN:235,(anonymous_18)
FN:253,(anonymous_19)
FN:265,(anonymous_20)
FN:276,(anonymous_21)
FN:290,(anonymous_22)
FN:335,(anonymous_23)
FN:425,(anonymous_24)
FN:425,(anonymous_25)
FN:432,(anonymous_26)
FN:432,(anonymous_27)
FNF:23
FNH:0
FNDA:0,AttendanceHistory
FNDA:0,(anonymous_6)
FNDA:0,(anonymous_7)
FNDA:0,(anonymous_8)
FNDA:0,(anonymous_9)
FNDA:0,(anonymous_10)
FNDA:0,(anonymous_11)
FNDA:0,(anonymous_12)
FNDA:0,(anonymous_13)
FNDA:0,(anonymous_14)
FNDA:0,(anonymous_15)
FNDA:0,(anonymous_16)
FNDA:0,(anonymous_17)
FNDA:0,(anonymous_18)
FNDA:0,(anonymous_19)
FNDA:0,(anonymous_20)
FNDA:0,(anonymous_21)
FNDA:0,(anonymous_22)
FNDA:0,(anonymous_23)
FNDA:0,(anonymous_24)
FNDA:0,(anonymous_25)
FNDA:0,(anonymous_26)
FNDA:0,(anonymous_27)
DA:3,0
DA:4,0
DA:5,0
DA:6,0
DA:7,0
DA:21,0
DA:27,0
DA:28,0
DA:29,0
DA:30,0
DA:31,0
DA:32,0
DA:33,0
DA:34,0
DA:35,0
DA:36,0
DA:38,0
DA:46,0
DA:48,0
DA:49,0
DA:52,0
DA:53,0
DA:59,0
DA:60,0
DA:61,0
DA:62,0
DA:64,0
DA:73,0
DA:74,0
DA:75,0
DA:76,0
DA:79,0
DA:81,0
DA:85,0
DA:86,0
DA:90,0
DA:93,0
DA:94,0
DA:97,0
DA:98,0
DA:99,0
DA:100,0
DA:101,0
DA:102,0
DA:103,0
DA:104,0
DA:105,0
DA:106,0
DA:107,0
DA:109,0
DA:113,0
DA:114,0
DA:122,0
DA:123,0
DA:124,0
DA:131,0
DA:132,0
DA:135,0
DA:138,0
DA:140,0
DA:167,0
DA:235,0
DA:253,0
DA:265,0
DA:276,0
DA:290,0
DA:336,0
DA:425,0
DA:432,0
LF:69
LH:0
BRDA:79,0,0,0
BRDA:79,0,1,0
BRDA:97,1,0,0
BRDA:109,2,0,0
BRDA:109,2,1,0
BRDA:123,3,0,0
BRDA:132,4,0,0
BRDA:132,4,1,0
BRDA:135,5,0,0
BRDA:135,5,1,0
BRDA:135,5,2,0
BRDA:135,5,3,0
BRDA:140,6,0,0
BRDA:150,7,0,0
BRDA:164,8,0,0
BRDA:186,9,0,0
BRDA:239,10,0,0
BRDA:239,10,1,0
BRDA:243,11,0,0
BRDA:252,12,0,0
BRDA:252,12,1,0
BRDA:264,13,0,0
BRDA:264,13,1,0
BRDA:275,14,0,0
BRDA:275,14,1,0
BRDA:289,15,0,0
BRDA:289,15,1,0
BRDA:319,16,0,0
BRDA:319,16,1,0
BRDA:324,17,0,0
BRDA:343,18,0,0
BRDA:349,19,0,0
BRDA:349,19,1,0
BRDA:350,20,0,0
BRDA:350,20,1,0
BRDA:358,21,0,0
BRDA:362,22,0,0
BRDA:362,22,1,0
BRDA:375,23,0,0
BRDA:418,24,0,0
BRF:40
BRH:0
end_of_record
TN:
SF:src\components\attendance\AttendanceSessionDetail.tsx
FN:31,AttendanceSessionDetail
FN:41,(anonymous_6)
FN:45,(anonymous_7)
FN:65,(anonymous_8)
FN:72,(anonymous_9)
FN:92,(anonymous_10)
FN:99,(anonymous_11)
FN:119,(anonymous_12)
FN:132,(anonymous_13)
FN:155,(anonymous_14)
FN:164,(anonymous_15)
FN:173,(anonymous_16)
FN:183,(anonymous_17)
FN:193,(anonymous_18)
FN:290,(anonymous_19)
FN:360,(anonymous_20)
FN:376,(anonymous_21)
FN:379,(anonymous_22)
FN:390,(anonymous_23)
FN:404,(anonymous_24)
FNF:20
FNH:0
FNDA:0,AttendanceSessionDetail
FNDA:0,(anonymous_6)
FNDA:0,(anonymous_7)
FNDA:0,(anonymous_8)
FNDA:0,(anonymous_9)
FNDA:0,(anonymous_10)
FNDA:0,(anonymous_11)
FNDA:0,(anonymous_12)
FNDA:0,(anonymous_13)
FNDA:0,(anonymous_14)
FNDA:0,(anonymous_15)
FNDA:0,(anonymous_16)
FNDA:0,(anonymous_17)
FNDA:0,(anonymous_18)
FNDA:0,(anonymous_19)
FNDA:0,(anonymous_20)
FNDA:0,(anonymous_21)
FNDA:0,(anonymous_22)
FNDA:0,(anonymous_23)
FNDA:0,(anonymous_24)
DA:3,0
DA:4,0
DA:5,0
DA:6,0
DA:7,0
DA:8,0
DA:24,0
DA:31,0
DA:32,0
DA:33,0
DA:34,0
DA:35,0
DA:36,0
DA:37,0
DA:38,0
DA:39,0
DA:41,0
DA:42,0
DA:45,0
DA:46,0
DA:47,0
DA:48,0
DA:50,0
DA:55,0
DA:56,0
DA:59,0
DA:61,0
DA:65,0
DA:66,0
DA:68,0
DA:69,0
DA:70,0
DA:72,0
DA:73,0
DA:75,0
DA:81,0
DA:82,0
DA:85,0
DA:87,0
DA:88,0
DA:92,0
DA:93,0
DA:95,0
DA:96,0
DA:97,0
DA:99,0
DA:100,0
DA:102,0
DA:108,0
DA:109,0
DA:112,0
DA:114,0
DA:115,0
DA:119,0
DA:120,0
DA:121,0
DA:124,0
DA:125,0
DA:126,0
DA:128,0
DA:132,0
DA:133,0
DA:135,0
DA:136,0
DA:142,0
DA:143,0
DA:144,0
DA:145,0
DA:146,0
DA:147,0
DA:148,0
DA:149,0
DA:151,0
DA:155,0
DA:156,0
DA:164,0
DA:165,0
DA:166,0
DA:173,0
DA:174,0
DA:175,0
DA:176,0
DA:177,0
DA:178,0
DA:179,0
DA:183,0
DA:184,0
DA:193,0
DA:194,0
DA:195,0
DA:198,0
DA:201,0
DA:209,0
DA:290,0
DA:361,0
DA:377,0
DA:379,0
DA:390,0
DA:404,0
LF:99
LH:0
BRDA:59,0,0,0
BRDA:59,0,1,0
BRDA:66,1,0,0
BRDA:73,2,0,0
BRDA:85,3,0,0
BRDA:85,3,1,0
BRDA:93,4,0,0
BRDA:100,5,0,0
BRDA:112,6,0,0
BRDA:112,6,1,0
BRDA:120,7,0,0
BRDA:120,8,0,0
BRDA:120,8,1,0
BRDA:128,9,0,0
BRDA:128,9,1,0
BRDA:132,10,0,0
BRDA:133,11,0,0
BRDA:151,12,0,0
BRDA:151,12,1,0
BRDA:165,13,0,0
BRDA:174,14,0,0
BRDA:174,14,1,0
BRDA:174,14,2,0
BRDA:174,14,3,0
BRDA:174,14,4,0
BRDA:194,15,0,0
BRDA:194,16,0,0
BRDA:194,16,1,0
BRDA:198,17,0,0
BRDA:198,17,1,0
BRDA:198,17,2,0
BRDA:198,17,3,0
BRDA:201,18,0,0
BRDA:209,19,0,0
BRDA:209,20,0,0
BRDA:209,20,1,0
BRDA:212,21,0,0
BRDA:212,21,1,0
BRDA:219,22,0,0
BRDA:243,23,0,0
BRDA:249,24,0,0
BRDA:249,24,1,0
BRDA:250,25,0,0
BRDA:250,25,1,0
BRDA:260,26,0,0
BRDA:264,27,0,0
BRDA:264,27,1,0
BRDA:277,28,0,0
BRDA:287,29,0,0
BRDA:375,30,0,0
BRDA:374,31,0,0
BRDA:374,31,1,0
BRDA:382,32,0,0
BRDA:382,32,1,0
BRDA:402,33,0,0
BRDA:415,34,0,0
BRF:56
BRH:0
end_of_record
TN:
SF:src\components\auth\ProtectedRoute.tsx
FN:14,ProtectedRoute
FN:22,(anonymous_3)
FNF:2
FNH:0
FNDA:0,ProtectedRoute
FNDA:0,(anonymous_3)
DA:3,0
DA:4,0
DA:5,0
DA:6,0
DA:14,0
DA:19,0
DA:20,0
DA:22,0
DA:23,0
DA:24,0
DA:25,0
DA:28,0
DA:29,0
DA:36,0
DA:37,0
DA:39,0
DA:40,0
DA:41,0
DA:46,0
DA:57,0
DA:58,0
DA:61,0
DA:62,0
DA:69,0
DA:70,0
DA:72,0
DA:73,0
LF:27
LH:0
BRDA:17,0,0,0
BRDA:23,1,0,0
BRDA:23,2,0,0
BRDA:23,2,1,0
BRDA:28,3,0,0
BRDA:28,4,0,0
BRDA:28,4,1,0
BRDA:28,4,2,0
BRDA:28,4,3,0
BRDA:39,5,0,0
BRDA:46,6,0,0
BRDA:57,7,0,0
BRDA:61,8,0,0
BRDA:61,9,0,0
BRDA:61,9,1,0
BRDA:72,10,0,0
BRF:16
BRH:0
end_of_record
TN:
SF:src\components\dashboard\AdminDashboard.tsx
FN:16,AdminDashboard
FN:50,(anonymous_3)
FN:84,(anonymous_4)
FN:118,(anonymous_5)
FNF:4
FNH:0
FNDA:0,AdminDashboard
FNDA:0,(anonymous_3)
FNDA:0,(anonymous_4)
FNDA:0,(anonymous_5)
DA:3,0
DA:4,0
DA:14,0
DA:16,0
DA:17,0
DA:24,0
DA:31,0
DA:51,0
DA:52,0
DA:85,0
DA:119,0
LF:11
LH:0
BRDA:60,0,0,0
BRDA:60,0,1,0
BRDA:62,1,0,0
BRDA:62,1,1,0
BRDA:87,2,0,0
BRDA:87,2,1,0
BRDA:88,3,0,0
BRDA:88,3,1,0
BRDA:89,4,0,0
BRDA:89,4,1,0
BRDA:91,5,0,0
BRDA:92,6,0,0
BRDA:93,7,0,0
BRDA:94,8,0,0
BRDA:121,9,0,0
BRDA:121,9,1,0
BRDA:122,10,0,0
BRDA:122,10,1,0
BRF:18
BRH:0
end_of_record
TN:
SF:src\components\dashboard\GroupLeaderDashboard.tsx
FN:16,GroupLeaderDashboard
FN:65,(anonymous_3)
FN:110,(anonymous_4)
FN:137,(anonymous_5)
FNF:4
FNH:0
FNDA:0,GroupLeaderDashboard
FNDA:0,(anonymous_3)
FNDA:0,(anonymous_4)
FNDA:0,(anonymous_5)
DA:3,0
DA:4,0
DA:14,0
DA:16,0
DA:17,0
DA:34,0
DA:41,0
DA:47,0
DA:66,0
DA:111,0
DA:138,0
LF:11
LH:0
BRDA:113,0,0,0
BRDA:113,0,1,0
BRDA:114,1,0,0
BRDA:114,1,1,0
BRDA:116,2,0,0
BRDA:117,3,0,0
BRDA:118,4,0,0
BRDA:140,5,0,0
BRDA:140,5,1,0
BRDA:141,6,0,0
BRDA:141,6,1,0
BRF:11
BRH:0
end_of_record
TN:
SF:src\components\dashboard\MemberDashboard.tsx
FN:15,MemberDashboard
FN:56,(anonymous_3)
FN:85,(anonymous_4)
FN:115,(anonymous_5)
FNF:4
FNH:0
FNDA:0,MemberDashboard
FNDA:0,(anonymous_3)
FNDA:0,(anonymous_4)
FNDA:0,(anonymous_5)
DA:3,0
DA:4,0
DA:13,0
DA:15,0
DA:16,0
DA:22,0
DA:27,0
DA:57,0
DA:86,0
DA:116,0
LF:10
LH:0
BRDA:118,0,0,0
BRDA:118,0,1,0
BRDA:121,1,0,0
BRDA:128,2,0,0
BRDA:128,2,1,0
BRDA:132,3,0,0
BRF:6
BRH:0
end_of_record
TN:
SF:src\components\dashboard\PastorDashboard.tsx
FN:16,PastorDashboard
FN:49,(anonymous_3)
FN:83,(anonymous_4)
FN:111,(anonymous_5)
FNF:4
FNH:0
FNDA:0,PastorDashboard
FNDA:0,(anonymous_3)
FNDA:0,(anonymous_4)
FNDA:0,(anonymous_5)
DA:3,0
DA:4,0
DA:14,0
DA:16,0
DA:17,0
DA:24,0
DA:31,0
DA:50,0
DA:51,0
DA:84,0
DA:112,0
LF:11
LH:0
BRDA:59,0,0,0
BRDA:59,0,1,0
BRDA:61,1,0,0
BRDA:61,1,1,0
BRDA:86,2,0,0
BRDA:86,2,1,0
BRF:6
BRH:0
end_of_record
TN:
SF:src\components\groups\GroupDetail.tsx
FN:31,GroupDetail
FN:42,(anonymous_6)
FN:46,(anonymous_7)
FN:61,(anonymous_8)
FN:63,(anonymous_9)
FN:74,(anonymous_10)
FN:87,(anonymous_11)
FN:98,(anonymous_12)
FN:110,(anonymous_13)
FN:121,(anonymous_14)
FN:234,(anonymous_15)
FN:290,(anonymous_16)
FN:307,(anonymous_17)
FN:310,(anonymous_18)
FN:324,(anonymous_19)
FN:344,(anonymous_20)
FN:354,(anonymous_21)
FN:378,(anonymous_22)
FN:387,(anonymous_23)
FN:395,(anonymous_24)
FNF:20
FNH:0
FNDA:0,GroupDetail
FNDA:0,(anonymous_6)
FNDA:0,(anonymous_7)
FNDA:0,(anonymous_8)
FNDA:0,(anonymous_9)
FNDA:0,(anonymous_10)
FNDA:0,(anonymous_11)
FNDA:0,(anonymous_12)
FNDA:0,(anonymous_13)
FNDA:0,(anonymous_14)
FNDA:0,(anonymous_15)
FNDA:0,(anonymous_16)
FNDA:0,(anonymous_17)
FNDA:0,(anonymous_18)
FNDA:0,(anonymous_19)
FNDA:0,(anonymous_20)
FNDA:0,(anonymous_21)
FNDA:0,(anonymous_22)
FNDA:0,(anonymous_23)
FNDA:0,(anonymous_24)
DA:3,0
DA:4,0
DA:5,0
DA:6,0
DA:7,0
DA:8,0
DA:25,0
DA:31,0
DA:32,0
DA:33,0
DA:34,0
DA:35,0
DA:36,0
DA:37,0
DA:38,0
DA:39,0
DA:40,0
DA:42,0
DA:43,0
DA:46,0
DA:47,0
DA:48,0
DA:49,0
DA:51,0
DA:56,0
DA:57,0
DA:60,0
DA:61,0
DA:62,0
DA:63,0
DA:65,0
DA:68,0
DA:70,0
DA:74,0
DA:75,0
DA:77,0
DA:78,0
DA:79,0
DA:80,0
DA:81,0
DA:83,0
DA:87,0
DA:88,0
DA:90,0
DA:91,0
DA:92,0
DA:94,0
DA:98,0
DA:99,0
DA:100,0
DA:101,0
DA:103,0
DA:107,0
DA:110,0
DA:111,0
DA:113,0
DA:114,0
DA:115,0
DA:116,0
DA:118,0
DA:121,0
DA:122,0
DA:137,0
DA:140,0
DA:148,0
DA:235,0
DA:290,0
DA:307,0
DA:311,0
DA:325,0
DA:326,0
DA:344,0
DA:355,0
DA:378,0
DA:387,0
DA:395,0
LF:76
LH:0
BRDA:68,0,0,0
BRDA:68,0,1,0
BRDA:75,1,0,0
BRDA:83,2,0,0
BRDA:83,2,1,0
BRDA:88,3,0,0
BRDA:94,4,0,0
BRDA:94,4,1,0
BRDA:103,5,0,0
BRDA:103,5,1,0
BRDA:107,6,0,0
BRDA:107,6,1,0
BRDA:107,6,2,0
BRDA:107,6,3,0
BRDA:107,6,4,0
BRDA:108,7,0,0
BRDA:108,7,1,0
BRDA:111,8,0,0
BRDA:111,9,0,0
BRDA:111,9,1,0
BRDA:114,10,0,0
BRDA:114,10,1,0
BRDA:115,11,0,0
BRDA:115,11,1,0
BRDA:116,12,0,0
BRDA:116,12,1,0
BRDA:137,13,0,0
BRDA:137,13,1,0
BRDA:140,14,0,0
BRDA:148,15,0,0
BRDA:148,16,0,0
BRDA:148,16,1,0
BRDA:151,17,0,0
BRDA:151,17,1,0
BRDA:165,18,0,0
BRDA:165,18,1,0
BRDA:166,19,0,0
BRDA:166,19,1,0
BRDA:167,20,0,0
BRDA:167,20,1,0
BRDA:173,21,0,0
BRDA:173,21,1,0
BRDA:174,22,0,0
BRDA:174,22,1,0
BRDA:180,23,0,0
BRDA:187,24,0,0
BRDA:187,24,1,0
BRDA:193,25,0,0
BRDA:199,26,0,0
BRDA:208,27,0,0
BRDA:230,28,0,0
BRDA:230,28,1,0
BRDA:247,29,0,0
BRDA:288,30,0,0
BRDA:301,31,0,0
BRDA:338,32,0,0
BRDA:342,33,0,0
BRDA:363,34,0,0
BRDA:366,35,0,0
BRDA:374,36,0,0
BRDA:374,36,1,0
BRDA:376,37,0,0
BRDA:385,38,0,0
BRF:63
BRH:0
end_of_record
TN:
SF:src\components\groups\GroupEditForm.tsx
FN:13,GroupEditForm
FN:19,(anonymous_6)
FN:23,(anonymous_7)
FN:36,(anonymous_8)
FN:40,(anonymous_9)
FNF:5
FNH:0
FNDA:0,GroupEditForm
FNDA:0,(anonymous_6)
FNDA:0,(anonymous_7)
FNDA:0,(anonymous_8)
FNDA:0,(anonymous_9)
DA:3,0
DA:4,0
DA:5,0
DA:7,0
DA:13,0
DA:14,0
DA:15,0
DA:16,0
DA:17,0
DA:19,0
DA:20,0
DA:23,0
DA:24,0
DA:25,0
DA:26,0
DA:27,0
DA:28,0
DA:30,0
DA:32,0
DA:36,0
DA:37,0
DA:40,0
DA:41,0
DA:44,0
DA:52,0
LF:25
LH:0
BRDA:30,0,0,0
BRDA:30,0,1,0
BRDA:44,1,0,0
BRDA:52,2,0,0
BRDA:52,3,0,0
BRDA:52,3,1,0
BRDA:55,4,0,0
BRDA:55,4,1,0
BRF:8
BRH:0
end_of_record
TN:
SF:src\components\groups\GroupForm.tsx
FN:26,GroupForm
FN:53,(anonymous_5)
FN:57,(anonymous_6)
FN:71,(anonymous_7)
FN:74,(anonymous_8)
FN:82,(anonymous_9)
FN:89,(anonymous_10)
FN:91,(anonymous_11)
FN:99,(anonymous_12)
FN:100,(anonymous_13)
FN:102,(anonymous_14)
FN:106,(anonymous_15)
FN:158,(anonymous_16)
FN:202,(anonymous_17)
FN:215,(anonymous_18)
FN:217,(anonymous_19)
FN:234,(anonymous_20)
FN:256,(anonymous_21)
FN:259,(anonymous_22)
FN:275,(anonymous_23)
FN:275,(anonymous_24)
FN:277,(anonymous_25)
FN:277,(anonymous_26)
FN:303,(anonymous_27)
FN:319,(anonymous_28)
FN:321,(anonymous_29)
FN:337,(anonymous_30)
FN:352,(anonymous_31)
FN:374,(anonymous_32)
FN:389,(anonymous_33)
FN:401,(anonymous_34)
FN:410,(anonymous_35)
FN:422,(anonymous_36)
FN:424,(anonymous_37)
FNF:34
FNH:4
FNDA:2,GroupForm
FNDA:1,(anonymous_5)
FNDA:1,(anonymous_6)
FNDA:0,(anonymous_7)
FNDA:0,(anonymous_8)
FNDA:0,(anonymous_9)
FNDA:0,(anonymous_10)
FNDA:0,(anonymous_11)
FNDA:0,(anonymous_12)
FNDA:0,(anonymous_13)
FNDA:0,(anonymous_14)
FNDA:0,(anonymous_15)
FNDA:0,(anonymous_16)
FNDA:0,(anonymous_17)
FNDA:0,(anonymous_18)
FNDA:0,(anonymous_19)
FNDA:0,(anonymous_20)
FNDA:0,(anonymous_21)
FNDA:0,(anonymous_22)
FNDA:0,(anonymous_23)
FNDA:0,(anonymous_24)
FNDA:0,(anonymous_25)
FNDA:0,(anonymous_26)
FNDA:0,(anonymous_27)
FNDA:0,(anonymous_28)
FNDA:14,(anonymous_29)
FNDA:0,(anonymous_30)
FNDA:0,(anonymous_31)
FNDA:0,(anonymous_32)
FNDA:0,(anonymous_33)
FNDA:0,(anonymous_34)
FNDA:0,(anonymous_35)
FNDA:0,(anonymous_36)
FNDA:0,(anonymous_37)
DA:3,1
DA:4,1
DA:5,1
DA:6,1
DA:7,1
DA:18,1
DA:26,1
DA:27,2
DA:28,2
DA:29,2
DA:30,2
DA:31,2
DA:32,2
DA:34,2
DA:51,2
DA:53,2
DA:54,1
DA:57,2
DA:58,1
DA:59,1
DA:64,0
DA:65,0
DA:67,1
DA:71,2
DA:72,0
DA:73,0
DA:74,0
DA:82,0
DA:89,2
DA:90,0
DA:91,0
DA:95,0
DA:99,2
DA:100,0
DA:102,0
DA:106,2
DA:107,0
DA:108,0
DA:109,0
DA:110,0
DA:113,0
DA:114,0
DA:116,0
DA:117,0
DA:135,0
DA:137,0
DA:143,0
DA:146,0
DA:147,0
DA:149,0
DA:152,0
DA:154,0
DA:158,2
DA:159,0
DA:160,0
DA:162,0
DA:166,2
DA:202,0
DA:215,0
DA:218,0
DA:234,0
DA:256,0
DA:260,0
DA:275,0
DA:277,0
DA:278,0
DA:303,0
DA:319,0
DA:322,14
DA:337,0
DA:352,0
DA:374,0
DA:389,0
DA:402,0
DA:410,0
DA:422,0
DA:425,0
DA:426,0
DA:427,0
LF:79
LH:28
BRDA:35,0,0,2
BRDA:35,0,1,2
BRDA:36,1,0,2
BRDA:36,1,1,2
BRDA:37,2,0,2
BRDA:37,2,1,2
BRDA:38,3,0,2
BRDA:38,3,1,2
BRDA:38,3,2,0
BRDA:39,4,0,2
BRDA:39,4,1,2
BRDA:40,5,0,2
BRDA:40,5,1,2
BRDA:41,6,0,2
BRDA:41,6,1,2
BRDA:42,7,0,2
BRDA:42,7,1,2
BRDA:44,8,0,2
BRDA:44,8,1,2
BRDA:45,9,0,2
BRDA:45,9,1,2
BRDA:46,10,0,2
BRDA:46,10,1,2
BRDA:47,11,0,2
BRDA:47,11,1,2
BRDA:72,12,0,0
BRDA:72,12,1,0
BRDA:90,13,0,0
BRDA:90,14,0,0
BRDA:90,14,1,0
BRDA:108,15,0,0
BRDA:119,16,0,0
BRDA:119,16,1,0
BRDA:122,17,0,0
BRDA:122,17,1,0
BRDA:123,18,0,0
BRDA:123,18,1,0
BRDA:124,19,0,0
BRDA:124,19,1,0
BRDA:125,20,0,0
BRDA:125,20,1,0
BRDA:129,21,0,0
BRDA:129,21,1,0
BRDA:135,22,0,0
BRDA:135,22,1,0
BRDA:146,23,0,0
BRDA:146,23,1,0
BRDA:152,24,0,0
BRDA:152,24,1,0
BRDA:159,25,0,0
BRDA:159,25,1,0
BRDA:179,26,0,2
BRDA:388,27,0,2
BRDA:388,27,1,2
BRDA:389,28,0,0
BRDA:389,28,1,0
BRDA:425,29,0,0
BRDA:458,30,0,0
BRDA:462,31,0,0
BRDA:462,31,1,2
BRF:60
BRH:28
end_of_record
TN:
SF:src\components\groups\GroupList.tsx
FN:23,GroupList
FN:42,(anonymous_6)
FN:68,(anonymous_7)
FN:72,(anonymous_8)
FN:77,(anonymous_9)
FN:87,(anonymous_10)
FN:88,(anonymous_11)
FN:95,(anonymous_12)
FN:96,(anonymous_13)
FN:98,(anonymous_14)
FN:103,(anonymous_15)
FN:107,(anonymous_16)
FN:114,(anonymous_17)
FN:133,(anonymous_18)
FN:185,(anonymous_19)
FN:190,(anonymous_20)
FN:210,(anonymous_21)
FN:210,(anonymous_22)
FN:235,(anonymous_23)
FN:235,(anonymous_24)
FN:248,(anonymous_25)
FN:267,(anonymous_26)
FN:383,(anonymous_27)
FN:383,(anonymous_28)
FN:390,(anonymous_29)
FN:390,(anonymous_30)
FN:410,(anonymous_31)
FN:410,(anonymous_32)
FN:417,(anonymous_33)
FN:417,(anonymous_34)
FNF:30
FNH:0
FNDA:0,GroupList
FNDA:0,(anonymous_6)
FNDA:0,(anonymous_7)
FNDA:0,(anonymous_8)
FNDA:0,(anonymous_9)
FNDA:0,(anonymous_10)
FNDA:0,(anonymous_11)
FNDA:0,(anonymous_12)
FNDA:0,(anonymous_13)
FNDA:0,(anonymous_14)
FNDA:0,(anonymous_15)
FNDA:0,(anonymous_16)
FNDA:0,(anonymous_17)
FNDA:0,(anonymous_18)
FNDA:0,(anonymous_19)
FNDA:0,(anonymous_20)
FNDA:0,(anonymous_21)
FNDA:0,(anonymous_22)
FNDA:0,(anonymous_23)
FNDA:0,(anonymous_24)
FNDA:0,(anonymous_25)
FNDA:0,(anonymous_26)
FNDA:0,(anonymous_27)
FNDA:0,(anonymous_28)
FNDA:0,(anonymous_29)
FNDA:0,(anonymous_30)
FNDA:0,(anonymous_31)
FNDA:0,(anonymous_32)
FNDA:0,(anonymous_33)
FNDA:0,(anonymous_34)
DA:3,0
DA:4,0
DA:18,0
DA:19,0
DA:20,0
DA:23,0
DA:24,0
DA:25,0
DA:26,0
DA:27,0
DA:28,0
DA:29,0
DA:30,0
DA:31,0
DA:32,0
DA:33,0
DA:34,0
DA:35,0
DA:40,0
DA:42,0
DA:43,0
DA:44,0
DA:45,0
DA:47,0
DA:58,0
DA:59,0
DA:60,0
DA:62,0
DA:64,0
DA:68,0
DA:69,0
DA:72,0
DA:73,0
DA:74,0
DA:77,0
DA:78,0
DA:79,0
DA:81,0
DA:82,0
DA:84,0
DA:87,0
DA:88,0
DA:92,0
DA:95,0
DA:96,0
DA:97,0
DA:98,0
DA:103,0
DA:104,0
DA:105,0
DA:107,0
DA:111,0
DA:112,0
DA:114,0
DA:115,0
DA:130,0
DA:133,0
DA:134,0
DA:136,0
DA:137,0
DA:138,0
DA:140,0
DA:143,0
DA:185,0
DA:190,0
DA:210,0
DA:235,0
DA:248,0
DA:268,0
DA:383,0
DA:390,0
DA:410,0
DA:417,0
LF:73
LH:0
BRDA:49,0,0,0
BRDA:49,0,1,0
BRDA:50,1,0,0
BRDA:50,1,1,0
BRDA:51,2,0,0
BRDA:51,2,1,0
BRDA:62,3,0,0
BRDA:62,3,1,0
BRDA:78,4,0,0
BRDA:78,4,1,0
BRDA:79,5,0,0
BRDA:79,5,1,0
BRDA:97,6,0,0
BRDA:97,6,1,0
BRDA:104,7,0,0
BRDA:104,7,1,0
BRDA:111,8,0,0
BRDA:111,8,1,0
BRDA:112,9,0,0
BRDA:112,9,1,0
BRDA:134,10,0,0
BRDA:134,11,0,0
BRDA:134,11,1,0
BRDA:137,12,0,0
BRDA:137,12,1,0
BRDA:138,13,0,0
BRDA:138,13,1,0
BRDA:143,14,0,0
BRDA:161,15,0,0
BRDA:199,16,0,0
BRDA:259,17,0,0
BRDA:278,18,0,0
BRDA:278,18,1,0
BRDA:279,19,0,0
BRDA:279,19,1,0
BRDA:280,20,0,0
BRDA:280,20,1,0
BRDA:293,21,0,0
BRDA:303,22,0,0
BRDA:311,23,0,0
BRDA:317,24,0,0
BRDA:327,25,0,0
BRDA:359,26,0,0
BRDA:359,26,1,0
BRDA:364,27,0,0
BRDA:364,27,1,0
BRDA:366,28,0,0
BRDA:366,28,1,0
BRDA:379,29,0,0
BRF:49
BRH:0
end_of_record
TN:
SF:src\components\journey\JourneyAssignForm.tsx
FN:21,JourneyAssignForm
FN:41,(anonymous_5)
FN:45,(anonymous_6)
FN:69,(anonymous_7)
FN:80,(anonymous_8)
FN:81,(anonymous_9)
FN:92,(anonymous_10)
FN:94,(anonymous_11)
FN:98,(anonymous_12)
FN:100,(anonymous_13)
FN:105,(anonymous_14)
FN:107,(anonymous_15)
FN:113,(anonymous_16)
FN:116,(anonymous_17)
FN:125,(anonymous_18)
FN:172,(anonymous_19)
FN:176,(anonymous_20)
FN:203,(anonymous_21)
FN:217,(anonymous_22)
FN:242,(anonymous_23)
FN:277,(anonymous_24)
FN:294,(anonymous_25)
FN:306,(anonymous_26)
FN:322,(anonymous_27)
FN:334,(anonymous_28)
FN:377,(anonymous_29)
FN:380,(anonymous_30)
FN:399,(anonymous_31)
FN:410,(anonymous_32)
FN:437,(anonymous_33)
FN:437,(anonymous_34)
FNF:31
FNH:0
FNDA:0,JourneyAssignForm
FNDA:0,(anonymous_5)
FNDA:0,(anonymous_6)
FNDA:0,(anonymous_7)
FNDA:0,(anonymous_8)
FNDA:0,(anonymous_9)
FNDA:0,(anonymous_10)
FNDA:0,(anonymous_11)
FNDA:0,(anonymous_12)
FNDA:0,(anonymous_13)
FNDA:0,(anonymous_14)
FNDA:0,(anonymous_15)
FNDA:0,(anonymous_16)
FNDA:0,(anonymous_17)
FNDA:0,(anonymous_18)
FNDA:0,(anonymous_19)
FNDA:0,(anonymous_20)
FNDA:0,(anonymous_21)
FNDA:0,(anonymous_22)
FNDA:0,(anonymous_23)
FNDA:0,(anonymous_24)
FNDA:0,(anonymous_25)
FNDA:0,(anonymous_26)
FNDA:0,(anonymous_27)
FNDA:0,(anonymous_28)
FNDA:0,(anonymous_29)
FNDA:0,(anonymous_30)
FNDA:0,(anonymous_31)
FNDA:0,(anonymous_32)
FNDA:0,(anonymous_33)
FNDA:0,(anonymous_34)
DA:3,0
DA:4,0
DA:5,0
DA:6,0
DA:7,0
DA:19,0
DA:21,0
DA:22,0
DA:23,0
DA:24,0
DA:25,0
DA:26,0
DA:28,0
DA:29,0
DA:30,0
DA:32,0
DA:33,0
DA:34,0
DA:35,0
DA:36,0
DA:38,0
DA:39,0
DA:41,0
DA:42,0
DA:45,0
DA:46,0
DA:47,0
DA:48,0
DA:50,0
DA:64,0
DA:65,0
DA:68,0
DA:69,0
DA:71,0
DA:74,0
DA:76,0
DA:80,0
DA:81,0
DA:82,0
DA:83,0
DA:84,0
DA:86,0
DA:88,0
DA:92,0
DA:93,0
DA:94,0
DA:96,0
DA:98,0
DA:99,0
DA:100,0
DA:101,0
DA:105,0
DA:106,0
DA:107,0
DA:108,0
DA:113,0
DA:114,0
DA:116,0
DA:117,0
DA:118,0
DA:119,0
DA:121,0
DA:125,0
DA:126,0
DA:128,0
DA:129,0
DA:130,0
DA:133,0
DA:134,0
DA:135,0
DA:138,0
DA:139,0
DA:141,0
DA:142,0
DA:144,0
DA:146,0
DA:154,0
DA:157,0
DA:164,0
DA:166,0
DA:168,0
DA:172,0
DA:173,0
DA:176,0
DA:177,0
DA:179,0
DA:204,0
DA:217,0
DA:243,0
DA:277,0
DA:294,0
DA:306,0
DA:323,0
DA:334,0
DA:377,0
DA:381,0
DA:399,0
DA:410,0
DA:437,0
LF:99
LH:0
BRDA:69,0,0,0
BRDA:69,0,1,0
BRDA:74,1,0,0
BRDA:74,1,1,0
BRDA:83,2,0,0
BRDA:83,2,1,0
BRDA:96,3,0,0
BRDA:96,3,1,0
BRDA:114,4,0,0
BRDA:121,5,0,0
BRDA:121,5,1,0
BRDA:128,6,0,0
BRDA:133,7,0,0
BRDA:144,8,0,0
BRDA:144,8,1,0
BRDA:149,9,0,0
BRDA:149,9,1,0
BRDA:150,10,0,0
BRDA:150,10,1,0
BRDA:160,11,0,0
BRDA:160,11,1,0
BRDA:166,12,0,0
BRDA:166,12,1,0
BRDA:179,13,0,0
BRDA:189,14,0,0
BRDA:207,15,0,0
BRDA:207,15,1,0
BRDA:225,16,0,0
BRDA:225,16,1,0
BRDA:226,17,0,0
BRDA:226,17,1,0
BRDA:240,18,0,0
BRDA:240,18,1,0
BRDA:250,19,0,0
BRDA:260,20,0,0
BRDA:281,21,0,0
BRDA:281,21,1,0
BRDA:285,22,0,0
BRDA:307,23,0,0
BRDA:317,24,0,0
BRDA:317,24,1,0
BRDA:326,25,0,0
BRDA:326,25,1,0
BRDA:342,26,0,0
BRDA:352,27,0,0
BRDA:356,28,0,0
BRDA:356,28,1,0
BRDA:424,29,0,0
BRDA:424,29,1,0
BRDA:430,30,0,0
BRDA:430,30,1,0
BRDA:433,31,0,0
BRDA:433,31,1,0
BRDA:435,32,0,0
BRDA:455,33,0,0
BRDA:455,33,1,0
BRDA:455,33,2,0
BRDA:459,34,0,0
BRDA:463,35,0,0
BRDA:463,35,1,0
BRF:60
BRH:0
end_of_record
TN:
SF:src\components\journey\JourneyProgress.tsx
FN:32,JourneyProgress
FN:42,(anonymous_6)
FN:46,(anonymous_7)
FN:61,(anonymous_8)
FN:73,(anonymous_9)
FN:87,(anonymous_10)
FN:110,(anonymous_11)
FN:126,(anonymous_12)
FN:139,(anonymous_13)
FN:152,(anonymous_14)
FN:316,(anonymous_15)
FN:360,(anonymous_16)
FN:385,(anonymous_17)
FN:396,(anonymous_18)
FN:406,(anonymous_19)
FN:429,(anonymous_20)
FN:436,(anonymous_21)
FN:445,(anonymous_22)
FNF:18
FNH:0
FNDA:0,JourneyProgress
FNDA:0,(anonymous_6)
FNDA:0,(anonymous_7)
FNDA:0,(anonymous_8)
FNDA:0,(anonymous_9)
FNDA:0,(anonymous_10)
FNDA:0,(anonymous_11)
FNDA:0,(anonymous_12)
FNDA:0,(anonymous_13)
FNDA:0,(anonymous_14)
FNDA:0,(anonymous_15)
FNDA:0,(anonymous_16)
FNDA:0,(anonymous_17)
FNDA:0,(anonymous_18)
FNDA:0,(anonymous_19)
FNDA:0,(anonymous_20)
FNDA:0,(anonymous_21)
FNDA:0,(anonymous_22)
DA:3,0
DA:4,0
DA:5,0
DA:6,0
DA:7,0
DA:26,0
DA:32,0
DA:33,0
DA:34,0
DA:35,0
DA:36,0
DA:37,0
DA:38,0
DA:39,0
DA:40,0
DA:42,0
DA:43,0
DA:46,0
DA:47,0
DA:48,0
DA:49,0
DA:51,0
DA:52,0
DA:55,0
DA:57,0
DA:61,0
DA:62,0
DA:63,0
DA:64,0
DA:65,0
DA:67,0
DA:69,0
DA:73,0
DA:74,0
DA:75,0
DA:76,0
DA:77,0
DA:78,0
DA:79,0
DA:81,0
DA:83,0
DA:87,0
DA:88,0
DA:89,0
DA:90,0
DA:93,0
DA:94,0
DA:95,0
DA:100,0
DA:101,0
DA:102,0
DA:104,0
DA:106,0
DA:110,0
DA:111,0
DA:112,0
DA:113,0
DA:114,0
DA:115,0
DA:116,0
DA:117,0
DA:118,0
DA:119,0
DA:120,0
DA:122,0
DA:126,0
DA:127,0
DA:128,0
DA:129,0
DA:130,0
DA:131,0
DA:132,0
DA:133,0
DA:134,0
DA:135,0
DA:139,0
DA:140,0
DA:152,0
DA:153,0
DA:154,0
DA:161,0
DA:164,0
DA:166,0
DA:174,0
DA:317,0
DA:318,0
DA:319,0
DA:320,0
DA:322,0
DA:361,0
DA:385,0
DA:396,0
DA:406,0
DA:429,0
DA:437,0
DA:438,0
DA:445,0
LF:97
LH:0
BRDA:55,0,0,0
BRDA:55,0,1,0
BRDA:67,1,0,0
BRDA:67,1,1,0
BRDA:81,2,0,0
BRDA:81,2,1,0
BRDA:88,3,0,0
BRDA:104,4,0,0
BRDA:104,4,1,0
BRDA:122,5,0,0
BRDA:122,5,1,0
BRDA:127,6,0,0
BRDA:127,6,1,0
BRDA:127,6,2,0
BRDA:127,6,3,0
BRDA:127,6,4,0
BRDA:127,6,5,0
BRDA:127,6,6,0
BRDA:127,6,7,0
BRDA:153,7,0,0
BRDA:161,8,0,0
BRDA:161,8,1,0
BRDA:161,8,2,0
BRDA:161,8,3,0
BRDA:164,9,0,0
BRDA:164,9,1,0
BRDA:166,10,0,0
BRDA:174,11,0,0
BRDA:174,12,0,0
BRDA:174,12,1,0
BRDA:177,13,0,0
BRDA:177,13,1,0
BRDA:184,14,0,0
BRDA:209,15,0,0
BRDA:223,16,0,0
BRDA:237,17,0,0
BRDA:245,18,0,0
BRDA:320,19,0,0
BRDA:320,19,1,0
BRDA:340,20,0,0
BRDA:343,21,0,0
BRDA:346,22,0,0
BRDA:351,23,0,0
BRDA:358,24,0,0
BRDA:368,25,0,0
BRDA:383,26,0,0
BRDA:383,26,1,0
BRDA:394,27,0,0
BRDA:394,27,1,0
BRDA:396,28,0,0
BRDA:396,28,1,0
BRDA:404,29,0,0
BRDA:404,29,1,0
BRDA:418,30,0,0
BRDA:418,30,1,0
BRDA:418,30,2,0
BRDA:446,31,0,0
BRDA:446,31,1,0
BRDA:450,32,0,0
BRF:59
BRH:0
end_of_record
TN:
SF:src\components\journey\JourneyTemplateForm.tsx
FN:35,JourneyTemplateForm
FN:54,(anonymous_5)
FN:80,(anonymous_6)
FN:81,(anonymous_7)
FN:87,(anonymous_8)
FN:88,(anonymous_9)
FN:94,(anonymous_10)
FN:101,(anonymous_11)
FN:102,(anonymous_12)
FN:105,(anonymous_13)
FN:106,(anonymous_14)
FN:107,(anonymous_15)
FN:119,(anonymous_16)
FN:120,(anonymous_17)
FN:120,(anonymous_18)
FN:125,(anonymous_19)
FN:127,(anonymous_20)
FN:127,(anonymous_21)
FN:134,(anonymous_22)
FN:139,(anonymous_23)
FN:148,(anonymous_24)
FN:156,(anonymous_25)
FN:169,(anonymous_26)
FN:183,(anonymous_27)
FN:213,(anonymous_28)
FN:260,(anonymous_29)
FN:273,(anonymous_30)
FN:286,(anonymous_31)
FN:314,(anonymous_32)
FN:332,(anonymous_33)
FN:342,(anonymous_34)
FN:356,(anonymous_35)
FN:365,(anonymous_36)
FN:377,(anonymous_37)
FN:379,(anonymous_38)
FN:415,(anonymous_39)
FN:419,(anonymous_40)
FN:430,(anonymous_41)
FN:441,(anonymous_42)
FN:452,(anonymous_43)
FN:463,(anonymous_44)
FN:488,(anonymous_45)
FN:501,(anonymous_46)
FN:513,(anonymous_47)
FN:515,(anonymous_48)
FN:533,(anonymous_49)
FN:543,(anonymous_50)
FNF:47
FNH:0
FNDA:0,JourneyTemplateForm
FNDA:0,(anonymous_5)
FNDA:0,(anonymous_6)
FNDA:0,(anonymous_7)
FNDA:0,(anonymous_8)
FNDA:0,(anonymous_9)
FNDA:0,(anonymous_10)
FNDA:0,(anonymous_11)
FNDA:0,(anonymous_12)
FNDA:0,(anonymous_13)
FNDA:0,(anonymous_14)
FNDA:0,(anonymous_15)
FNDA:0,(anonymous_16)
FNDA:0,(anonymous_17)
FNDA:0,(anonymous_18)
FNDA:0,(anonymous_19)
FNDA:0,(anonymous_20)
FNDA:0,(anonymous_21)
FNDA:0,(anonymous_22)
FNDA:0,(anonymous_23)
FNDA:0,(anonymous_24)
FNDA:0,(anonymous_25)
FNDA:0,(anonymous_26)
FNDA:0,(anonymous_27)
FNDA:0,(anonymous_28)
FNDA:0,(anonymous_29)
FNDA:0,(anonymous_30)
FNDA:0,(anonymous_31)
FNDA:0,(anonymous_32)
FNDA:0,(anonymous_33)
FNDA:0,(anonymous_34)
FNDA:0,(anonymous_35)
FNDA:0,(anonymous_36)
FNDA:0,(anonymous_37)
FNDA:0,(anonymous_38)
FNDA:0,(anonymous_39)
FNDA:0,(anonymous_40)
FNDA:0,(anonymous_41)
FNDA:0,(anonymous_42)
FNDA:0,(anonymous_43)
FNDA:0,(anonymous_44)
FNDA:0,(anonymous_45)
FNDA:0,(anonymous_46)
FNDA:0,(anonymous_47)
FNDA:0,(anonymous_48)
FNDA:0,(anonymous_49)
FNDA:0,(anonymous_50)
DA:3,1
DA:4,1
DA:5,1
DA:6,1
DA:27,1
DA:35,0
DA:36,0
DA:37,0
DA:38,0
DA:39,0
DA:41,0
DA:53,0
DA:54,0
DA:77,0
DA:78,0
DA:80,0
DA:81,0
DA:87,0
DA:88,0
DA:94,0
DA:95,0
DA:96,0
DA:97,0
DA:101,0
DA:102,0
DA:105,0
DA:106,0
DA:107,0
DA:116,0
DA:119,0
DA:120,0
DA:121,0
DA:125,0
DA:126,0
DA:127,0
DA:128,0
DA:129,0
DA:134,0
DA:135,0
DA:136,0
DA:137,0
DA:139,0
DA:140,0
DA:142,0
DA:143,0
DA:144,0
DA:145,0
DA:146,0
DA:148,0
DA:149,0
DA:151,0
DA:152,0
DA:156,0
DA:157,0
DA:159,0
DA:160,0
DA:161,0
DA:164,0
DA:165,0
DA:166,0
DA:169,0
DA:170,0
DA:171,0
DA:172,0
DA:175,0
DA:176,0
DA:178,0
DA:179,0
DA:183,0
DA:192,0
DA:193,0
DA:198,0
DA:201,0
DA:202,0
DA:204,0
DA:207,0
DA:209,0
DA:213,0
DA:214,0
DA:215,0
DA:217,0
DA:221,0
DA:260,0
DA:273,0
DA:286,0
DA:314,0
DA:332,0
DA:342,0
DA:357,0
DA:365,0
DA:377,0
DA:380,0
DA:381,0
DA:382,0
DA:416,0
DA:419,0
DA:430,0
DA:442,0
DA:443,0
DA:453,0
DA:454,0
DA:464,0
DA:465,0
DA:488,0
DA:501,0
DA:513,0
DA:516,0
DA:533,0
DA:543,0
LF:109
LH:5
BRDA:42,0,0,0
BRDA:42,0,1,0
BRDA:43,1,0,0
BRDA:43,1,1,0
BRDA:44,2,0,0
BRDA:44,2,1,0
BRDA:45,3,0,0
BRDA:45,3,1,0
BRDA:46,4,0,0
BRDA:46,4,1,0
BRDA:47,5,0,0
BRDA:47,5,1,0
BRDA:48,6,0,0
BRDA:48,6,1,0
BRDA:49,7,0,0
BRDA:49,7,1,0
BRDA:50,8,0,0
BRDA:50,8,1,0
BRDA:54,9,0,0
BRDA:54,9,1,0
BRDA:95,10,0,0
BRDA:95,11,0,0
BRDA:95,11,1,0
BRDA:121,12,0,0
BRDA:121,12,1,0
BRDA:126,13,0,0
BRDA:128,14,0,0
BRDA:135,15,0,0
BRDA:135,15,1,0
BRDA:135,16,0,0
BRDA:135,16,1,0
BRDA:144,17,0,0
BRDA:144,18,0,0
BRDA:144,18,1,0
BRDA:159,19,0,0
BRDA:164,20,0,0
BRDA:170,21,0,0
BRDA:182,22,0,0
BRDA:182,22,1,0
BRDA:192,23,0,0
BRDA:192,23,1,0
BRDA:201,24,0,0
BRDA:201,24,1,0
BRDA:207,25,0,0
BRDA:207,25,1,0
BRDA:214,26,0,0
BRDA:214,26,1,0
BRDA:237,27,0,0
BRDA:380,28,0,0
BRDA:419,29,0,0
BRDA:419,29,1,0
BRDA:426,30,0,0
BRDA:426,30,1,0
BRDA:476,31,0,0
BRDA:573,32,0,0
BRDA:577,33,0,0
BRDA:577,33,1,0
BRF:57
BRH:0
end_of_record
TN:
SF:src\components\journey\JourneyTemplateList.tsx
FN:24,JourneyTemplateList
FN:45,(anonymous_6)
FN:49,(anonymous_7)
FN:50,(anonymous_8)
FN:57,(anonymous_9)
FN:77,(anonymous_10)
FN:78,(anonymous_11)
FN:85,(anonymous_12)
FN:89,(anonymous_13)
FN:95,(anonymous_14)
FN:96,(anonymous_15)
FN:107,(anonymous_16)
FN:111,(anonymous_17)
FN:115,(anonymous_18)
FN:125,(anonymous_19)
FN:133,(anonymous_20)
FN:143,(anonymous_21)
FN:159,(anonymous_22)
FN:180,(anonymous_23)
FN:223,(anonymous_24)
FN:252,(anonymous_25)
FN:258,(anonymous_26)
FN:273,(anonymous_27)
FN:293,(anonymous_28)
FN:307,(anonymous_29)
FN:320,(anonymous_30)
FN:381,(anonymous_31)
FN:389,(anonymous_32)
FN:429,(anonymous_33)
FN:462,(anonymous_34)
FN:474,(anonymous_35)
FN:482,(anonymous_36)
FN:506,(anonymous_37)
FN:506,(anonymous_38)
FN:513,(anonymous_39)
FN:513,(anonymous_40)
FNF:36
FNH:0
FNDA:0,JourneyTemplateList
FNDA:0,(anonymous_6)
FNDA:0,(anonymous_7)
FNDA:0,(anonymous_8)
FNDA:0,(anonymous_9)
FNDA:0,(anonymous_10)
FNDA:0,(anonymous_11)
FNDA:0,(anonymous_12)
FNDA:0,(anonymous_13)
FNDA:0,(anonymous_14)
FNDA:0,(anonymous_15)
FNDA:0,(anonymous_16)
FNDA:0,(anonymous_17)
FNDA:0,(anonymous_18)
FNDA:0,(anonymous_19)
FNDA:0,(anonymous_20)
FNDA:0,(anonymous_21)
FNDA:0,(anonymous_22)
FNDA:0,(anonymous_23)
FNDA:0,(anonymous_24)
FNDA:0,(anonymous_25)
FNDA:0,(anonymous_26)
FNDA:0,(anonymous_27)
FNDA:0,(anonymous_28)
FNDA:0,(anonymous_29)
FNDA:0,(anonymous_30)
FNDA:0,(anonymous_31)
FNDA:0,(anonymous_32)
FNDA:0,(anonymous_33)
FNDA:0,(anonymous_34)
FNDA:0,(anonymous_35)
FNDA:0,(anonymous_36)
FNDA:0,(anonymous_37)
FNDA:0,(anonymous_38)
FNDA:0,(anonymous_39)
FNDA:0,(anonymous_40)
DA:3,0
DA:4,0
DA:5,0
DA:6,0
DA:22,0
DA:24,0
DA:25,0
DA:26,0
DA:27,0
DA:28,0
DA:29,0
DA:30,0
DA:31,0
DA:32,0
DA:34,0
DA:42,0
DA:43,0
DA:45,0
DA:46,0
DA:49,0
DA:50,0
DA:57,0
DA:58,0
DA:59,0
DA:60,0
DA:62,0
DA:67,0
DA:68,0
DA:71,0
DA:73,0
DA:77,0
DA:78,0
DA:82,0
DA:85,0
DA:86,0
DA:89,0
DA:90,0
DA:91,0
DA:92,0
DA:95,0
DA:96,0
DA:97,0
DA:98,0
DA:99,0
DA:101,0
DA:103,0
DA:107,0
DA:108,0
DA:109,0
DA:111,0
DA:115,0
DA:116,0
DA:117,0
DA:118,0
DA:119,0
DA:121,0
DA:125,0
DA:126,0
DA:127,0
DA:130,0
DA:131,0
DA:132,0
DA:133,0
DA:134,0
DA:135,0
DA:136,0
DA:139,0
DA:143,0
DA:144,0
DA:145,0
DA:146,0
DA:147,0
DA:148,0
DA:149,0
DA:150,0
DA:151,0
DA:152,0
DA:153,0
DA:155,0
DA:159,0
DA:160,0
DA:177,0
DA:180,0
DA:181,0
DA:182,0
DA:183,0
DA:184,0
DA:185,0
DA:189,0
DA:190,0
DA:192,0
DA:223,0
DA:252,0
DA:258,0
DA:273,0
DA:293,0
DA:307,0
DA:321,0
DA:322,0
DA:323,0
DA:382,0
DA:389,0
DA:430,0
DA:462,0
DA:474,0
DA:482,0
DA:506,0
DA:513,0
LF:108
LH:0
BRDA:53,0,0,0
BRDA:53,0,1,0
BRDA:71,1,0,0
BRDA:71,1,1,0
BRDA:80,2,0,0
BRDA:80,2,1,0
BRDA:98,3,0,0
BRDA:98,3,1,0
BRDA:108,4,0,0
BRDA:108,4,1,0
BRDA:121,5,0,0
BRDA:121,5,1,0
BRDA:126,6,0,0
BRDA:139,7,0,0
BRDA:139,7,1,0
BRDA:143,8,0,0
BRDA:155,9,0,0
BRDA:155,9,1,0
BRDA:177,10,0,0
BRDA:177,10,1,0
BRDA:181,11,0,0
BRDA:181,11,1,0
BRDA:181,11,2,0
BRDA:181,11,3,0
BRDA:189,12,0,0
BRDA:189,12,1,0
BRDA:192,13,0,0
BRDA:202,14,0,0
BRDA:217,15,0,0
BRDA:219,16,0,0
BRDA:266,17,0,0
BRDA:272,18,0,0
BRDA:272,18,1,0
BRDA:292,19,0,0
BRDA:292,19,1,0
BRDA:306,20,0,0
BRDA:306,20,1,0
BRDA:307,21,0,0
BRDA:307,21,1,0
BRDA:350,22,0,0
BRDA:354,23,0,0
BRDA:366,24,0,0
BRDA:371,25,0,0
BRDA:371,25,1,0
BRDA:384,26,0,0
BRDA:402,27,0,0
BRDA:427,28,0,0
BRDA:427,28,1,0
BRDA:437,29,0,0
BRDA:452,30,0,0
BRDA:480,31,0,0
BRDA:480,31,1,0
BRDA:499,32,0,0
BRF:53
BRH:0
end_of_record
TN:
SF:src\components\journey\MemberJourneyList.tsx
FN:25,MemberJourneyList
FN:44,(anonymous_6)
FN:47,(anonymous_7)
FN:53,(anonymous_8)
FN:54,(anonymous_9)
FN:60,(anonymous_10)
FN:80,(anonymous_11)
FN:81,(anonymous_12)
FN:88,(anonymous_13)
FN:92,(anonymous_14)
FN:98,(anonymous_15)
FN:107,(anonymous_16)
FN:123,(anonymous_17)
FN:135,(anonymous_18)
FN:147,(anonymous_19)
FN:211,(anonymous_20)
FN:217,(anonymous_21)
FN:232,(anonymous_22)
FN:250,(anonymous_23)
FN:260,(anonymous_24)
FN:269,(anonymous_25)
FN:321,(anonymous_26)
FN:392,(anonymous_27)
FN:403,(anonymous_28)
FN:412,(anonymous_29)
FN:421,(anonymous_30)
FN:445,(anonymous_31)
FN:445,(anonymous_32)
FN:452,(anonymous_33)
FN:452,(anonymous_34)
FNF:30
FNH:0
FNDA:0,MemberJourneyList
FNDA:0,(anonymous_6)
FNDA:0,(anonymous_7)
FNDA:0,(anonymous_8)
FNDA:0,(anonymous_9)
FNDA:0,(anonymous_10)
FNDA:0,(anonymous_11)
FNDA:0,(anonymous_12)
FNDA:0,(anonymous_13)
FNDA:0,(anonymous_14)
FNDA:0,(anonymous_15)
FNDA:0,(anonymous_16)
FNDA:0,(anonymous_17)
FNDA:0,(anonymous_18)
FNDA:0,(anonymous_19)
FNDA:0,(anonymous_20)
FNDA:0,(anonymous_21)
FNDA:0,(anonymous_22)
FNDA:0,(anonymous_23)
FNDA:0,(anonymous_24)
FNDA:0,(anonymous_25)
FNDA:0,(anonymous_26)
FNDA:0,(anonymous_27)
FNDA:0,(anonymous_28)
FNDA:0,(anonymous_29)
FNDA:0,(anonymous_30)
FNDA:0,(anonymous_31)
FNDA:0,(anonymous_32)
FNDA:0,(anonymous_33)
FNDA:0,(anonymous_34)
DA:3,0
DA:4,0
DA:5,0
DA:6,0
DA:23,0
DA:25,0
DA:26,0
DA:27,0
DA:28,0
DA:29,0
DA:30,0
DA:31,0
DA:32,0
DA:34,0
DA:41,0
DA:42,0
DA:44,0
DA:46,0
DA:47,0
DA:50,0
DA:53,0
DA:54,0
DA:60,0
DA:61,0
DA:62,0
DA:63,0
DA:65,0
DA:70,0
DA:71,0
DA:74,0
DA:76,0
DA:80,0
DA:81,0
DA:85,0
DA:88,0
DA:89,0
DA:92,0
DA:93,0
DA:94,0
DA:95,0
DA:98,0
DA:99,0
DA:100,0
DA:101,0
DA:103,0
DA:107,0
DA:108,0
DA:109,0
DA:110,0
DA:111,0
DA:112,0
DA:113,0
DA:114,0
DA:115,0
DA:116,0
DA:117,0
DA:119,0
DA:123,0
DA:124,0
DA:125,0
DA:126,0
DA:127,0
DA:128,0
DA:129,0
DA:130,0
DA:131,0
DA:135,0
DA:136,0
DA:147,0
DA:148,0
DA:155,0
DA:156,0
DA:157,0
DA:159,0
DA:211,0
DA:217,0
DA:232,0
DA:250,0
DA:260,0
DA:270,0
DA:271,0
DA:272,0
DA:322,0
DA:392,0
DA:403,0
DA:412,0
DA:421,0
DA:445,0
DA:452,0
LF:89
LH:0
BRDA:46,0,0,0
BRDA:74,1,0,0
BRDA:74,1,1,0
BRDA:83,2,0,0
BRDA:83,2,1,0
BRDA:103,3,0,0
BRDA:103,3,1,0
BRDA:119,4,0,0
BRDA:119,4,1,0
BRDA:124,5,0,0
BRDA:124,5,1,0
BRDA:124,5,2,0
BRDA:124,5,3,0
BRDA:124,5,4,0
BRDA:124,5,5,0
BRDA:124,5,6,0
BRDA:155,6,0,0
BRDA:155,6,1,0
BRDA:159,7,0,0
BRDA:169,8,0,0
BRDA:179,9,0,0
BRDA:179,9,1,0
BRDA:182,10,0,0
BRDA:182,10,1,0
BRDA:189,11,0,0
BRDA:225,12,0,0
BRDA:231,13,0,0
BRDA:231,13,1,0
BRDA:249,14,0,0
BRDA:249,14,1,0
BRDA:259,15,0,0
BRDA:259,15,1,0
BRDA:298,16,0,0
BRDA:301,17,0,0
BRDA:301,17,1,0
BRDA:304,18,0,0
BRDA:304,18,1,0
BRDA:309,19,0,0
BRDA:335,20,0,0
BRDA:339,21,0,0
BRDA:375,22,0,0
BRDA:399,23,0,0
BRDA:401,24,0,0
BRDA:410,25,0,0
BRDA:419,26,0,0
BRDA:438,27,0,0
BRF:46
BRH:0
end_of_record
TN:
SF:src\components\layout\DashboardLayout.tsx
FN:26,DashboardLayout
FN:32,(anonymous_6)
FN:37,(anonymous_7)
FN:84,(anonymous_8)
FN:100,(anonymous_9)
FN:109,(anonymous_10)
FN:122,(anonymous_11)
FN:163,(anonymous_12)
FNF:8
FNH:0
FNDA:0,DashboardLayout
FNDA:0,(anonymous_6)
FNDA:0,(anonymous_7)
FNDA:0,(anonymous_8)
FNDA:0,(anonymous_9)
FNDA:0,(anonymous_10)
FNDA:0,(anonymous_11)
FNDA:0,(anonymous_12)
DA:3,0
DA:4,0
DA:5,0
DA:6,0
DA:20,0
DA:26,0
DA:27,0
DA:28,0
DA:29,0
DA:30,0
DA:32,0
DA:33,0
DA:34,0
DA:37,0
DA:38,0
DA:43,0
DA:44,0
DA:57,0
DA:58,0
DA:68,0
DA:76,0
DA:84,0
DA:100,0
DA:110,0
DA:111,0
DA:113,0
DA:122,0
DA:163,0
LF:28
LH:0
BRDA:43,0,0,0
BRDA:43,1,0,0
BRDA:43,1,1,0
BRDA:57,2,0,0
BRDA:81,3,0,0
BRDA:90,4,0,0
BRDA:90,4,1,0
BRDA:118,5,0,0
BRDA:118,5,1,0
BRF:9
BRH:0
end_of_record
TN:
SF:src\components\members\MemberForm.tsx
FN:22,MemberForm
FN:78,(anonymous_5)
FN:85,(anonymous_6)
FN:86,(anonymous_7)
FN:103,(anonymous_8)
FN:108,(anonymous_9)
FN:115,(anonymous_10)
FN:117,(anonymous_11)
FN:125,(anonymous_12)
FN:126,(anonymous_13)
FN:128,(anonymous_14)
FN:132,(anonymous_15)
FN:136,(anonymous_16)
FN:189,(anonymous_17)
FN:200,(anonymous_18)
FN:295,(anonymous_19)
FN:309,(anonymous_20)
FN:326,(anonymous_21)
FN:339,(anonymous_22)
FN:355,(anonymous_23)
FN:366,(anonymous_24)
FN:383,(anonymous_25)
FN:391,(anonymous_26)
FN:403,(anonymous_27)
FN:404,(anonymous_28)
FN:432,(anonymous_29)
FN:446,(anonymous_30)
FN:459,(anonymous_31)
FN:472,(anonymous_32)
FN:494,(anonymous_33)
FN:507,(anonymous_34)
FN:522,(anonymous_35)
FN:535,(anonymous_36)
FN:557,(anonymous_37)
FN:569,(anonymous_38)
FN:581,(anonymous_39)
FN:607,(anonymous_40)
FN:623,(anonymous_41)
FN:639,(anonymous_42)
FN:649,(anonymous_43)
FN:664,(anonymous_44)
FNF:41
FNH:0
FNDA:0,MemberForm
FNDA:0,(anonymous_5)
FNDA:0,(anonymous_6)
FNDA:0,(anonymous_7)
FNDA:0,(anonymous_8)
FNDA:0,(anonymous_9)
FNDA:0,(anonymous_10)
FNDA:0,(anonymous_11)
FNDA:0,(anonymous_12)
FNDA:0,(anonymous_13)
FNDA:0,(anonymous_14)
FNDA:0,(anonymous_15)
FNDA:0,(anonymous_16)
FNDA:0,(anonymous_17)
FNDA:0,(anonymous_18)
FNDA:0,(anonymous_19)
FNDA:0,(anonymous_20)
FNDA:0,(anonymous_21)
FNDA:0,(anonymous_22)
FNDA:0,(anonymous_23)
FNDA:0,(anonymous_24)
FNDA:0,(anonymous_25)
FNDA:0,(anonymous_26)
FNDA:0,(anonymous_27)
FNDA:0,(anonymous_28)
FNDA:0,(anonymous_29)
FNDA:0,(anonymous_30)
FNDA:0,(anonymous_31)
FNDA:0,(anonymous_32)
FNDA:0,(anonymous_33)
FNDA:0,(anonymous_34)
FNDA:0,(anonymous_35)
FNDA:0,(anonymous_36)
FNDA:0,(anonymous_37)
FNDA:0,(anonymous_38)
FNDA:0,(anonymous_39)
FNDA:0,(anonymous_40)
FNDA:0,(anonymous_41)
FNDA:0,(anonymous_42)
FNDA:0,(anonymous_43)
FNDA:0,(anonymous_44)
DA:3,0
DA:4,0
DA:12,0
DA:14,0
DA:22,0
DA:23,0
DA:24,0
DA:25,0
DA:26,0
DA:28,0
DA:73,0
DA:74,0
DA:75,0
DA:78,0
DA:79,0
DA:80,0
DA:81,0
DA:85,0
DA:86,0
DA:87,0
DA:88,0
DA:89,0
DA:90,0
DA:91,0
DA:99,0
DA:103,0
DA:104,0
DA:105,0
DA:106,0
DA:107,0
DA:108,0
DA:109,0
DA:111,0
DA:115,0
DA:116,0
DA:117,0
DA:121,0
DA:125,0
DA:126,0
DA:128,0
DA:132,0
DA:133,0
DA:136,0
DA:137,0
DA:139,0
DA:140,0
DA:141,0
DA:144,0
DA:145,0
DA:147,0
DA:150,0
DA:152,0
DA:156,0
DA:157,0
DA:160,0
DA:173,0
DA:174,0
DA:178,0
DA:179,0
DA:180,0
DA:182,0
DA:186,0
DA:187,0
DA:189,0
DA:190,0
DA:194,0
DA:196,0
DA:200,0
DA:201,0
DA:202,0
DA:204,0
DA:295,0
DA:309,0
DA:326,0
DA:339,0
DA:355,0
DA:366,0
DA:384,0
DA:391,0
DA:403,0
DA:404,0
DA:432,0
DA:446,0
DA:459,0
DA:472,0
DA:494,0
DA:507,0
DA:522,0
DA:535,0
DA:557,0
DA:569,0
DA:581,0
DA:607,0
DA:623,0
DA:639,0
DA:649,0
DA:664,0
LF:97
LH:0
BRDA:79,0,0,0
BRDA:81,1,0,0
BRDA:81,1,1,0
BRDA:88,2,0,0
BRDA:88,2,1,0
BRDA:90,3,0,0
BRDA:105,4,0,0
BRDA:116,5,0,0
BRDA:116,6,0,0
BRDA:116,6,1,0
BRDA:133,7,0,0
BRDA:133,7,1,0
BRDA:133,7,2,0
BRDA:139,8,0,0
BRDA:150,9,0,0
BRDA:150,9,1,0
BRDA:178,10,0,0
BRDA:178,11,0,0
BRDA:178,11,1,0
BRDA:186,12,0,0
BRDA:186,12,1,0
BRDA:194,13,0,0
BRDA:194,13,1,0
BRDA:201,14,0,0
BRDA:201,14,1,0
BRDA:214,15,0,0
BRDA:214,15,1,0
BRDA:226,16,0,0
BRDA:235,17,0,0
BRDA:253,18,0,0
BRDA:338,19,0,0
BRDA:338,19,1,0
BRDA:354,20,0,0
BRDA:354,20,1,0
BRDA:355,21,0,0
BRDA:355,21,1,0
BRDA:404,22,0,0
BRDA:404,22,1,0
BRDA:431,23,0,0
BRDA:431,23,1,0
BRDA:445,24,0,0
BRDA:445,24,1,0
BRDA:458,25,0,0
BRDA:458,25,1,0
BRDA:471,26,0,0
BRDA:471,26,1,0
BRDA:493,27,0,0
BRDA:493,27,1,0
BRDA:506,28,0,0
BRDA:506,28,1,0
BRDA:521,29,0,0
BRDA:521,29,1,0
BRDA:534,30,0,0
BRDA:534,30,1,0
BRDA:556,31,0,0
BRDA:556,31,1,0
BRDA:557,32,0,0
BRDA:557,32,1,0
BRDA:568,33,0,0
BRDA:568,33,1,0
BRDA:569,34,0,0
BRDA:569,34,1,0
BRDA:580,35,0,0
BRDA:580,35,1,0
BRDA:606,36,0,0
BRDA:606,36,1,0
BRDA:622,37,0,0
BRDA:622,37,1,0
BRDA:638,38,0,0
BRDA:638,38,1,0
BRDA:648,39,0,0
BRDA:648,39,1,0
BRDA:663,40,0,0
BRDA:663,40,1,0
BRDA:684,41,0,0
BRDA:684,41,1,0
BRDA:688,42,0,0
BRDA:695,43,0,0
BRDA:695,43,1,0
BRF:79
BRH:0
end_of_record
TN:
SF:src\components\members\MemberList.tsx
FN:29,MemberList
FN:46,(anonymous_6)
FN:70,(anonymous_7)
FN:74,(anonymous_8)
FN:79,(anonymous_9)
FN:89,(anonymous_10)
FN:90,(anonymous_11)
FN:92,(anonymous_12)
FN:97,(anonymous_13)
FN:101,(anonymous_14)
FN:105,(anonymous_15)
FN:116,(anonymous_16)
FN:128,(anonymous_17)
FN:144,(anonymous_18)
FN:154,(anonymous_19)
FN:222,(anonymous_20)
FN:228,(anonymous_21)
FN:259,(anonymous_22)
FN:274,(anonymous_23)
FN:301,(anonymous_24)
FN:347,(anonymous_25)
FN:354,(anonymous_26)
FN:414,(anonymous_27)
FN:450,(anonymous_28)
FN:474,(anonymous_29)
FN:474,(anonymous_30)
FN:486,(anonymous_31)
FN:486,(anonymous_32)
FNF:28
FNH:0
FNDA:0,MemberList
FNDA:0,(anonymous_6)
FNDA:0,(anonymous_7)
FNDA:0,(anonymous_8)
FNDA:0,(anonymous_9)
FNDA:0,(anonymous_10)
FNDA:0,(anonymous_11)
FNDA:0,(anonymous_12)
FNDA:0,(anonymous_13)
FNDA:0,(anonymous_14)
FNDA:0,(anonymous_15)
FNDA:0,(anonymous_16)
FNDA:0,(anonymous_17)
FNDA:0,(anonymous_18)
FNDA:0,(anonymous_19)
FNDA:0,(anonymous_20)
FNDA:0,(anonymous_21)
FNDA:0,(anonymous_22)
FNDA:0,(anonymous_23)
FNDA:0,(anonymous_24)
FNDA:0,(anonymous_25)
FNDA:0,(anonymous_26)
FNDA:0,(anonymous_27)
FNDA:0,(anonymous_28)
FNDA:0,(anonymous_29)
FNDA:0,(anonymous_30)
FNDA:0,(anonymous_31)
FNDA:0,(anonymous_32)
DA:3,0
DA:4,0
DA:19,0
DA:21,0
DA:29,0
DA:34,0
DA:35,0
DA:36,0
DA:37,0
DA:38,0
DA:39,0
DA:40,0
DA:41,0
DA:42,0
DA:43,0
DA:44,0
DA:46,0
DA:47,0
DA:48,0
DA:49,0
DA:51,0
DA:59,0
DA:60,0
DA:61,0
DA:63,0
DA:65,0
DA:70,0
DA:71,0
DA:74,0
DA:75,0
DA:76,0
DA:79,0
DA:80,0
DA:81,0
DA:83,0
DA:84,0
DA:86,0
DA:89,0
DA:90,0
DA:91,0
DA:92,0
DA:97,0
DA:98,0
DA:99,0
DA:101,0
DA:105,0
DA:106,0
DA:108,0
DA:109,0
DA:110,0
DA:112,0
DA:116,0
DA:117,0
DA:119,0
DA:120,0
DA:121,0
DA:122,0
DA:124,0
DA:128,0
DA:129,0
DA:130,0
DA:131,0
DA:132,0
DA:133,0
DA:134,0
DA:135,0
DA:136,0
DA:137,0
DA:138,0
DA:140,0
DA:144,0
DA:145,0
DA:146,0
DA:147,0
DA:148,0
DA:149,0
DA:150,0
DA:154,0
DA:155,0
DA:158,0
DA:167,0
DA:222,0
DA:228,0
DA:259,0
DA:274,0
DA:301,0
DA:348,0
DA:354,0
DA:415,0
DA:450,0
DA:474,0
DA:486,0
LF:92
LH:0
BRDA:30,0,0,0
BRDA:31,1,0,0
BRDA:32,2,0,0
BRDA:37,3,0,0
BRDA:37,3,1,0
BRDA:63,4,0,0
BRDA:63,4,1,0
BRDA:80,5,0,0
BRDA:80,5,1,0
BRDA:81,6,0,0
BRDA:81,6,1,0
BRDA:91,7,0,0
BRDA:91,7,1,0
BRDA:98,8,0,0
BRDA:98,8,1,0
BRDA:106,9,0,0
BRDA:112,10,0,0
BRDA:112,10,1,0
BRDA:117,11,0,0
BRDA:124,12,0,0
BRDA:124,12,1,0
BRDA:140,13,0,0
BRDA:140,13,1,0
BRDA:145,14,0,0
BRDA:145,14,1,0
BRDA:145,14,2,0
BRDA:145,14,3,0
BRDA:145,14,4,0
BRDA:158,15,0,0
BRDA:167,16,0,0
BRDA:188,17,0,0
BRDA:195,18,0,0
BRDA:237,19,0,0
BRDA:287,20,0,0
BRDA:314,21,0,0
BRDA:319,22,0,0
BRDA:319,22,1,0
BRDA:331,23,0,0
BRDA:331,23,1,0
BRDA:332,24,0,0
BRDA:332,24,1,0
BRDA:337,25,0,0
BRDA:337,25,1,0
BRDA:339,26,0,0
BRDA:348,27,0,0
BRDA:348,27,1,0
BRDA:350,28,0,0
BRDA:362,29,0,0
BRDA:391,30,0,0
BRDA:397,31,0,0
BRDA:410,32,0,0
BRDA:410,32,1,0
BRDA:422,33,0,0
BRDA:433,34,0,0
BRDA:466,35,0,0
BRF:55
BRH:0
end_of_record
TN:
SF:src\components\mobile\MobileCards.tsx
FN:30,MobileStatsCard
FN:35,(anonymous_8)
FN:61,MobileFeatureCard
FN:90,MobileFeaturesGrid
FN:97,(anonymous_11)
FN:105,MobileQuickActions
FN:137,(anonymous_13)
FN:156,MobileBottomNavigation
FN:168,(anonymous_15)
FNF:9
FNH:0
FNDA:0,MobileStatsCard
FNDA:0,(anonymous_8)
FNDA:0,MobileFeatureCard
FNDA:0,MobileFeaturesGrid
FNDA:0,(anonymous_11)
FNDA:0,MobileQuickActions
FNDA:0,(anonymous_13)
FNDA:0,MobileBottomNavigation
FNDA:0,(anonymous_15)
DA:3,0
DA:4,0
DA:5,0
DA:30,0
DA:36,0
DA:61,0
DA:62,0
DA:90,0
DA:98,0
DA:105,0
DA:106,0
DA:138,0
DA:156,0
DA:157,0
DA:169,0
LF:15
LH:0
BRDA:30,0,0,0
BRDA:43,1,0,0
BRDA:45,2,0,0
BRDA:45,2,1,0
BRDA:46,3,0,0
BRDA:46,3,1,0
BRDA:48,4,0,0
BRDA:49,5,0,0
BRDA:50,6,0,0
BRDA:90,7,0,0
BRF:10
BRH:0
end_of_record
TN:
SF:src\components\navigation\MobileNavigation.tsx
FN:63,MobileNavigation
FN:108,(anonymous_6)
FN:131,(anonymous_7)
FNF:3
FNH:0
FNDA:0,MobileNavigation
FNDA:0,(anonymous_6)
FNDA:0,(anonymous_7)
DA:3,0
DA:4,0
DA:16,0
DA:24,0
DA:63,0
DA:64,0
DA:108,0
DA:132,0
DA:133,0
LF:9
LH:0
BRDA:74,0,0,0
BRDA:78,1,0,0
BRF:2
BRH:0
end_of_record
TN:
SF:src\components\onboarding\OnboardingPrompt.tsx
FN:12,OnboardingPrompt
FNF:1
FNH:0
FNDA:0,OnboardingPrompt
DA:3,0
DA:4,0
DA:12,0
DA:13,0
LF:4
LH:0
BRDA:13,0,0,0
BRF:1
BRH:0
end_of_record
TN:
SF:src\components\onboarding\OnboardingTooltips.tsx
FN:74,OnboardingTooltips
FN:79,(anonymous_6)
FN:82,(anonymous_7)
FN:142,(anonymous_8)
FN:146,(anonymous_9)
FN:152,(anonymous_10)
FN:161,(anonymous_11)
FN:168,(anonymous_12)
FN:170,(anonymous_13)
FN:176,(anonymous_14)
FN:178,(anonymous_15)
FN:230,(anonymous_16)
FNF:12
FNH:0
FNDA:0,OnboardingTooltips
FNDA:0,(anonymous_6)
FNDA:0,(anonymous_7)
FNDA:0,(anonymous_8)
FNDA:0,(anonymous_9)
FNDA:0,(anonymous_10)
FNDA:0,(anonymous_11)
FNDA:0,(anonymous_12)
FNDA:0,(anonymous_13)
FNDA:0,(anonymous_14)
FNDA:0,(anonymous_15)
FNDA:0,(anonymous_16)
DA:3,0
DA:4,0
DA:21,0
DA:74,0
DA:75,0
DA:76,0
DA:77,0
DA:79,0
DA:80,0
DA:82,0
DA:83,0
DA:84,0
DA:86,0
DA:87,0
DA:88,0
DA:89,0
DA:91,0
DA:92,0
DA:94,0
DA:96,0
DA:97,0
DA:98,0
DA:100,0
DA:101,0
DA:102,0
DA:104,0
DA:105,0
DA:106,0
DA:108,0
DA:109,0
DA:110,0
DA:114,0
DA:115,0
DA:117,0
DA:118,0
DA:119,0
DA:120,0
DA:121,0
DA:124,0
DA:125,0
DA:128,0
DA:131,0
DA:139,0
DA:140,0
DA:142,0
DA:143,0
DA:144,0
DA:146,0
DA:147,0
DA:152,0
DA:153,0
DA:154,0
DA:155,0
DA:157,0
DA:161,0
DA:162,0
DA:163,0
DA:164,0
DA:168,0
DA:170,0
DA:171,0
DA:173,0
DA:176,0
DA:178,0
DA:179,0
DA:181,0
DA:184,0
DA:186,0
DA:187,0
DA:231,0
LF:70
LH:0
BRDA:80,0,0,0
BRDA:86,1,0,0
BRDA:94,2,0,0
BRDA:94,2,1,0
BRDA:94,2,2,0
BRDA:94,2,3,0
BRDA:117,3,0,0
BRDA:118,4,0,0
BRDA:119,5,0,0
BRDA:120,6,0,0
BRDA:153,7,0,0
BRDA:153,7,1,0
BRDA:162,8,0,0
BRDA:184,9,0,0
BRDA:184,10,0,0
BRDA:184,10,1,0
BRDA:234,11,0,0
BRDA:234,11,1,0
BRDA:248,12,0,0
BRDA:263,13,0,0
BRF:20
BRH:0
end_of_record
TN:
SF:src\contexts\AuthContext.tsx
FN:24,(anonymous_6)
FN:68,AuthProvider
FN:71,(anonymous_8)
FN:73,(anonymous_9)
FN:90,(anonymous_10)
FN:104,(anonymous_11)
FN:118,(anonymous_12)
FN:123,(anonymous_13)
FN:142,useAuth
FNF:9
FNH:0
FNDA:0,(anonymous_6)
FNDA:0,AuthProvider
FNDA:0,(anonymous_8)
FNDA:0,(anonymous_9)
FNDA:0,(anonymous_10)
FNDA:0,(anonymous_11)
FNDA:0,(anonymous_12)
FNDA:0,(anonymous_13)
FNDA:0,useAuth
DA:3,0
DA:5,0
DA:14,0
DA:24,0
DA:25,0
DA:27,0
DA:29,0
DA:37,0
DA:45,0
DA:53,0
DA:55,0
DA:57,0
DA:61,0
DA:68,0
DA:69,0
DA:71,0
DA:73,0
DA:74,0
DA:75,0
DA:76,0
DA:77,0
DA:78,0
DA:81,0
DA:83,0
DA:87,0
DA:90,0
DA:91,0
DA:92,0
DA:93,0
DA:94,0
DA:95,0
DA:97,0
DA:104,0
DA:105,0
DA:106,0
DA:107,0
DA:108,0
DA:109,0
DA:111,0
DA:118,0
DA:119,0
DA:120,0
DA:123,0
DA:124,0
DA:127,0
DA:142,0
DA:143,0
DA:144,0
DA:145,0
DA:147,0
LF:50
LH:0
BRDA:25,0,0,0
BRDA:25,0,1,0
BRDA:25,0,2,0
BRDA:25,0,3,0
BRDA:25,0,4,0
BRDA:25,0,5,0
BRDA:25,0,6,0
BRDA:76,1,0,0
BRDA:99,2,0,0
BRDA:99,2,1,0
BRDA:113,3,0,0
BRDA:113,3,1,0
BRDA:144,4,0,0
BRF:13
BRH:0
end_of_record
TN:
SF:src\contexts\DemoContext.tsx
FN:14,(anonymous_6)
FN:26,(anonymous_7)
FN:29,(anonymous_8)
FN:33,(anonymous_9)
FNF:4
FNH:0
FNDA:0,(anonymous_6)
FNDA:0,(anonymous_7)
FNDA:0,(anonymous_8)
FNDA:0,(anonymous_9)
DA:3,0
DA:12,0
DA:14,0
DA:15,0
DA:16,0
DA:17,0
DA:19,0
DA:26,0
DA:27,0
DA:29,0
DA:30,0
DA:33,0
DA:34,0
DA:77,0
DA:78,0
DA:80,0
DA:81,0
DA:84,0
DA:85,0
LF:19
LH:0
BRDA:16,0,0,0
BRF:1
BRH:0
end_of_record
TN:
SF:src\hooks\useOnboarding.ts
FN:24,useOnboarding
FN:28,(anonymous_2)
FN:30,(anonymous_3)
FN:56,(anonymous_4)
FN:59,(anonymous_5)
FN:65,(anonymous_6)
FN:84,(anonymous_7)
FN:103,(anonymous_8)
FNF:8
FNH:0
FNDA:0,useOnboarding
FNDA:0,(anonymous_2)
FNDA:0,(anonymous_3)
FNDA:0,(anonymous_4)
FNDA:0,(anonymous_5)
FNDA:0,(anonymous_6)
FNDA:0,(anonymous_7)
FNDA:0,(anonymous_8)
DA:3,0
DA:21,0
DA:22,0
DA:24,0
DA:25,0
DA:26,0
DA:28,0
DA:30,0
DA:31,0
DA:32,0
DA:33,0
DA:35,0
DA:37,0
DA:38,0
DA:40,0
DA:43,0
DA:44,0
DA:48,0
DA:50,0
DA:55,0
DA:56,0
DA:59,0
DA:60,0
DA:61,0
DA:62,0
DA:65,0
DA:66,0
DA:73,0
DA:74,0
DA:75,0
DA:77,0
DA:80,0
DA:81,0
DA:84,0
DA:85,0
DA:92,0
DA:93,0
DA:94,0
DA:96,0
DA:99,0
DA:100,0
DA:103,0
DA:104,0
DA:105,0
DA:106,0
DA:108,0
DA:111,0
DA:112,0
DA:115,0
LF:49
LH:0
BRDA:35,0,0,0
BRDA:35,0,1,0
BRDA:43,1,0,0
BRDA:43,2,0,0
BRDA:43,2,1,0
BRF:5
BRH:0
end_of_record
TN:
SF:src\services\attendanceService.ts
FN:20,(anonymous_1)
FN:58,(anonymous_2)
FN:65,(anonymous_3)
FN:81,(anonymous_4)
FN:105,(anonymous_5)
FN:113,(anonymous_6)
FN:116,(anonymous_7)
FN:131,(anonymous_8)
FN:141,(anonymous_9)
FN:157,(anonymous_10)
FN:173,(anonymous_11)
FN:185,(anonymous_12)
FN:200,(anonymous_13)
FN:203,(anonymous_14)
FN:225,(anonymous_15)
FN:241,(anonymous_16)
FN:250,(anonymous_17)
FN:260,(anonymous_18)
FNF:18
FNH:0
FNDA:0,(anonymous_1)
FNDA:0,(anonymous_2)
FNDA:0,(anonymous_3)
FNDA:0,(anonymous_4)
FNDA:0,(anonymous_5)
FNDA:0,(anonymous_6)
FNDA:0,(anonymous_7)
FNDA:0,(anonymous_8)
FNDA:0,(anonymous_9)
FNDA:0,(anonymous_10)
FNDA:0,(anonymous_11)
FNDA:0,(anonymous_12)
FNDA:0,(anonymous_13)
FNDA:0,(anonymous_14)
FNDA:0,(anonymous_15)
FNDA:0,(anonymous_16)
FNDA:0,(anonymous_17)
FNDA:0,(anonymous_18)
DA:10,0
DA:13,0
DA:14,0
DA:17,0
DA:27,0
DA:28,0
DA:29,0
DA:30,0
DA:35,0
DA:36,0
DA:37,0
DA:40,0
DA:41,0
DA:43,0
DA:52,0
DA:55,0
DA:58,0
DA:59,0
DA:62,0
DA:74,0
DA:75,0
DA:76,0
DA:78,0
DA:79,0
DA:81,0
DA:82,0
DA:84,0
DA:87,0
DA:90,0
DA:91,0
DA:98,0
DA:100,0
DA:102,0
DA:105,0
DA:109,0
DA:114,0
DA:116,0
DA:117,0
DA:118,0
DA:122,0
DA:123,0
DA:132,0
DA:133,0
DA:142,0
DA:151,0
DA:153,0
DA:158,0
DA:167,0
DA:169,0
DA:174,0
DA:180,0
DA:181,0
DA:186,0
DA:187,0
DA:188,0
DA:190,0
DA:201,0
DA:203,0
DA:204,0
DA:205,0
DA:209,0
DA:211,0
DA:217,0
DA:218,0
DA:221,0
DA:226,0
DA:235,0
DA:237,0
DA:243,0
DA:244,0
DA:245,0
DA:252,0
DA:253,0
DA:254,0
DA:261,0
DA:262,0
DA:266,0
LF:77
LH:0
BRDA:10,0,0,0
BRDA:10,0,1,0
BRDA:22,1,0,0
BRDA:24,2,0,0
BRDA:27,3,0,0
BRDA:27,4,0,0
BRDA:27,4,1,0
BRDA:29,5,0,0
BRDA:29,6,0,0
BRDA:29,6,1,0
BRDA:35,7,0,0
BRDA:35,7,1,0
BRDA:36,8,0,0
BRDA:47,9,0,0
BRDA:47,9,1,0
BRDA:69,10,0,0
BRDA:78,11,0,0
BRDA:79,12,0,0
BRDA:90,13,0,0
BRDA:90,14,0,0
BRDA:90,14,1,0
BRDA:100,15,0,0
BRDA:100,15,1,0
BRDA:102,16,0,0
BRDA:117,17,0,0
BRDA:117,18,0,0
BRDA:117,18,1,0
BRDA:117,18,2,0
BRDA:187,19,0,0
BRDA:188,20,0,0
BRDA:200,21,0,0
BRDA:204,22,0,0
BRDA:204,23,0,0
BRDA:204,23,1,0
BRDA:204,23,2,0
BRDA:217,24,0,0
BRDA:244,25,0,0
BRDA:244,26,0,0
BRDA:244,26,1,0
BRDA:253,27,0,0
BRF:40
BRH:0
end_of_record
TN:
SF:src\services\authService.ts
FN:6,(anonymous_1)
FN:21,(anonymous_2)
FN:28,(anonymous_3)
FN:35,(anonymous_4)
FN:42,(anonymous_5)
FN:46,(anonymous_6)
FN:52,(anonymous_7)
FN:58,(anonymous_8)
FN:65,(anonymous_9)
FN:72,(anonymous_10)
FNF:10
FNH:0
FNDA:0,(anonymous_1)
FNDA:0,(anonymous_2)
FNDA:0,(anonymous_3)
FNDA:0,(anonymous_4)
FNDA:0,(anonymous_5)
FNDA:0,(anonymous_6)
FNDA:0,(anonymous_7)
FNDA:0,(anonymous_8)
FNDA:0,(anonymous_9)
FNDA:0,(anonymous_10)
DA:3,0
DA:7,0
DA:9,0
DA:15,0
DA:20,0
DA:21,0
DA:22,0
DA:25,0
DA:29,0
DA:36,0
DA:43,0
DA:47,0
DA:53,0
DA:59,0
DA:66,0
DA:73,0
DA:74,0
DA:76,0
DA:77,0
DA:78,0
DA:80,0
DA:85,0
LF:22
LH:0
BRDA:3,0,0,0
BRDA:3,0,1,0
BRDA:6,1,0,0
BRDA:11,2,0,0
BRDA:11,2,1,0
BRDA:20,3,0,0
BRDA:22,4,0,0
BRDA:22,4,1,0
BRDA:74,5,0,0
BRF:9
BRH:0
end_of_record
TN:
SF:src\services\groupService.ts
FN:21,(anonymous_1)
FN:40,(anonymous_2)
FN:45,(anonymous_3)
FN:53,(anonymous_4)
FN:61,(anonymous_5)
FN:65,(anonymous_6)
FN:71,(anonymous_7)
FN:101,(anonymous_8)
FN:105,(anonymous_9)
FN:114,(anonymous_10)
FN:118,(anonymous_11)
FN:125,(anonymous_12)
FN:132,(anonymous_13)
FN:139,(anonymous_14)
FN:143,(anonymous_15)
FN:150,(anonymous_16)
FN:157,(anonymous_17)
FN:164,(anonymous_18)
FN:173,(anonymous_19)
FN:180,(anonymous_20)
FN:187,(anonymous_21)
FN:194,(anonymous_22)
FN:198,(anonymous_23)
FN:208,(anonymous_24)
FN:231,(anonymous_25)
FN:238,(anonymous_26)
FN:246,(anonymous_27)
FNF:27
FNH:0
FNDA:0,(anonymous_1)
FNDA:0,(anonymous_2)
FNDA:0,(anonymous_3)
FNDA:0,(anonymous_4)
FNDA:0,(anonymous_5)
FNDA:0,(anonymous_6)
FNDA:0,(anonymous_7)
FNDA:0,(anonymous_8)
FNDA:0,(anonymous_9)
FNDA:0,(anonymous_10)
FNDA:0,(anonymous_11)
FNDA:0,(anonymous_12)
FNDA:0,(anonymous_13)
FNDA:0,(anonymous_14)
FNDA:0,(anonymous_15)
FNDA:0,(anonymous_16)
FNDA:0,(anonymous_17)
FNDA:0,(anonymous_18)
FNDA:0,(anonymous_19)
FNDA:0,(anonymous_20)
FNDA:0,(anonymous_21)
FNDA:0,(anonymous_22)
FNDA:0,(anonymous_23)
FNDA:0,(anonymous_24)
FNDA:0,(anonymous_25)
FNDA:0,(anonymous_26)
FNDA:0,(anonymous_27)
DA:13,1
DA:16,1
DA:17,1
DA:19,1
DA:22,0
DA:24,0
DA:30,0
DA:31,0
DA:32,0
DA:33,0
DA:38,0
DA:39,0
DA:40,0
DA:41,0
DA:42,0
DA:45,0
DA:46,0
DA:49,0
DA:51,0
DA:52,0
DA:53,0
DA:54,0
DA:56,0
DA:62,0
DA:66,0
DA:67,0
DA:72,0
DA:74,0
DA:75,0
DA:76,0
DA:77,0
DA:78,0
DA:79,0
DA:80,0
DA:81,0
DA:82,0
DA:83,0
DA:84,0
DA:87,0
DA:88,0
DA:91,0
DA:92,0
DA:96,0
DA:97,0
DA:101,0
DA:102,0
DA:103,0
DA:104,0
DA:106,0
DA:107,0
DA:110,0
DA:111,0
DA:115,0
DA:119,0
DA:126,0
DA:133,0
DA:140,0
DA:144,0
DA:151,0
DA:158,0
DA:165,0
DA:166,0
DA:167,0
DA:169,0
DA:170,0
DA:174,0
DA:181,0
DA:188,0
DA:195,0
DA:204,0
DA:209,0
DA:210,0
DA:211,0
DA:212,0
DA:213,0
DA:216,0
DA:217,0
DA:223,0
DA:224,0
DA:227,0
DA:232,0
DA:239,0
DA:247,0
DA:265,10
LF:84
LH:5
BRDA:13,0,0,1
BRDA:13,0,1,1
BRDA:21,1,0,0
BRDA:26,2,0,0
BRDA:26,2,1,0
BRDA:38,3,0,0
BRDA:39,4,0,0
BRDA:39,5,0,0
BRDA:39,5,1,0
BRDA:46,6,0,0
BRDA:46,6,1,0
BRDA:51,7,0,0
BRDA:51,8,0,0
BRDA:51,8,1,0
BRDA:61,9,0,0
BRDA:62,10,0,0
BRDA:62,10,1,0
BRDA:67,11,0,0
BRDA:67,11,1,0
BRDA:74,12,0,0
BRDA:75,13,0,0
BRDA:76,14,0,0
BRDA:77,15,0,0
BRDA:78,16,0,0
BRDA:79,17,0,0
BRDA:80,18,0,0
BRDA:81,19,0,0
BRDA:82,20,0,0
BRDA:83,21,0,0
BRDA:84,22,0,0
BRDA:87,23,0,0
BRDA:87,23,1,0
BRDA:91,24,0,0
BRDA:96,25,0,0
BRDA:143,26,0,0
BRDA:166,27,0,0
BRDA:167,28,0,0
BRDA:169,29,0,0
BRDA:169,29,1,0
BRDA:198,30,0,0
BRDA:210,31,0,0
BRDA:211,32,0,0
BRDA:212,33,0,0
BRDA:213,34,0,0
BRDA:217,35,0,0
BRDA:217,35,1,0
BRDA:219,36,0,0
BRDA:219,36,1,0
BRDA:223,37,0,0
BRF:49
BRH:2
end_of_record
TN:
SF:src\services\journeyService.ts
FN:27,(anonymous_1)
FN:65,(anonymous_2)
FN:72,(anonymous_3)
FN:88,(anonymous_4)
FN:112,(anonymous_5)
FN:120,(anonymous_6)
FN:123,(anonymous_7)
FN:126,(anonymous_8)
FN:141,(anonymous_9)
FN:150,(anonymous_10)
FN:165,(anonymous_11)
FN:181,(anonymous_12)
FN:192,(anonymous_13)
FN:206,(anonymous_14)
FN:209,(anonymous_15)
FN:223,(anonymous_16)
FN:232,(anonymous_17)
FN:247,(anonymous_18)
FN:263,(anonymous_19)
FN:275,(anonymous_20)
FN:284,(anonymous_21)
FN:297,(anonymous_22)
FN:313,(anonymous_23)
FN:319,(anonymous_24)
FN:348,(anonymous_25)
FN:368,(anonymous_26)
FN:389,(anonymous_27)
FN:399,(anonymous_28)
FN:410,(anonymous_29)
FN:423,(anonymous_30)
FN:436,(anonymous_31)
FN:450,(anonymous_32)
FN:465,(anonymous_33)
FN:473,(anonymous_34)
FN:482,(anonymous_35)
FNF:35
FNH:0
FNDA:0,(anonymous_1)
FNDA:0,(anonymous_2)
FNDA:0,(anonymous_3)
FNDA:0,(anonymous_4)
FNDA:0,(anonymous_5)
FNDA:0,(anonymous_6)
FNDA:0,(anonymous_7)
FNDA:0,(anonymous_8)
FNDA:0,(anonymous_9)
FNDA:0,(anonymous_10)
FNDA:0,(anonymous_11)
FNDA:0,(anonymous_12)
FNDA:0,(anonymous_13)
FNDA:0,(anonymous_14)
FNDA:0,(anonymous_15)
FNDA:0,(anonymous_16)
FNDA:0,(anonymous_17)
FNDA:0,(anonymous_18)
FNDA:0,(anonymous_19)
FNDA:0,(anonymous_20)
FNDA:0,(anonymous_21)
FNDA:0,(anonymous_22)
FNDA:0,(anonymous_23)
FNDA:0,(anonymous_24)
FNDA:0,(anonymous_25)
FNDA:0,(anonymous_26)
FNDA:0,(anonymous_27)
FNDA:0,(anonymous_28)
FNDA:0,(anonymous_29)
FNDA:0,(anonymous_30)
FNDA:0,(anonymous_31)
FNDA:0,(anonymous_32)
FNDA:0,(anonymous_33)
FNDA:0,(anonymous_34)
FNDA:0,(anonymous_35)
DA:17,0
DA:20,0
DA:21,0
DA:24,0
DA:34,0
DA:35,0
DA:36,0
DA:37,0
DA:42,0
DA:43,0
DA:44,0
DA:47,0
DA:48,0
DA:50,0
DA:59,0
DA:62,0
DA:65,0
DA:66,0
DA:69,0
DA:81,0
DA:82,0
DA:83,0
DA:85,0
DA:86,0
DA:88,0
DA:89,0
DA:91,0
DA:94,0
DA:97,0
DA:98,0
DA:105,0
DA:107,0
DA:109,0
DA:112,0
DA:116,0
DA:121,0
DA:123,0
DA:124,0
DA:125,0
DA:126,0
DA:128,0
DA:133,0
DA:134,0
DA:142,0
DA:143,0
DA:151,0
DA:160,0
DA:162,0
DA:166,0
DA:175,0
DA:176,0
DA:178,0
DA:182,0
DA:188,0
DA:189,0
DA:193,0
DA:201,0
DA:202,0
DA:207,0
DA:209,0
DA:210,0
DA:211,0
DA:215,0
DA:216,0
DA:224,0
DA:225,0
DA:233,0
DA:242,0
DA:244,0
DA:248,0
DA:257,0
DA:258,0
DA:260,0
DA:264,0
DA:270,0
DA:271,0
DA:276,0
DA:277,0
DA:285,0
DA:291,0
DA:292,0
DA:294,0
DA:298,0
DA:307,0
DA:308,0
DA:310,0
DA:314,0
DA:315,0
DA:316,0
DA:318,0
DA:319,0
DA:320,0
DA:324,0
DA:325,0
DA:336,0
DA:337,0
DA:340,0
DA:343,0
DA:345,0
DA:353,0
DA:362,0
DA:363,0
DA:365,0
DA:373,0
DA:382,0
DA:383,0
DA:385,0
DA:390,0
DA:400,0
DA:401,0
DA:411,0
DA:419,0
DA:420,0
DA:424,0
DA:432,0
DA:437,0
DA:443,0
DA:444,0
DA:447,0
DA:451,0
DA:457,0
DA:458,0
DA:461,0
DA:466,0
DA:467,0
DA:468,0
DA:474,0
DA:475,0
DA:476,0
DA:483,0
DA:484,0
DA:488,0
LF:132
LH:0
BRDA:17,0,0,0
BRDA:17,0,1,0
BRDA:29,1,0,0
BRDA:31,2,0,0
BRDA:34,3,0,0
BRDA:34,4,0,0
BRDA:34,4,1,0
BRDA:36,5,0,0
BRDA:36,6,0,0
BRDA:36,6,1,0
BRDA:42,7,0,0
BRDA:42,7,1,0
BRDA:43,8,0,0
BRDA:54,9,0,0
BRDA:54,9,1,0
BRDA:76,10,0,0
BRDA:85,11,0,0
BRDA:86,12,0,0
BRDA:97,13,0,0
BRDA:97,14,0,0
BRDA:97,14,1,0
BRDA:107,15,0,0
BRDA:107,15,1,0
BRDA:109,16,0,0
BRDA:120,17,0,0
BRDA:124,18,0,0
BRDA:124,19,0,0
BRDA:124,19,1,0
BRDA:124,19,2,0
BRDA:125,20,0,0
BRDA:125,20,1,0
BRDA:206,21,0,0
BRDA:210,22,0,0
BRDA:210,23,0,0
BRDA:210,23,1,0
BRDA:210,23,2,0
BRDA:318,24,0,0
BRDA:330,25,0,0
BRDA:330,25,1,0
BRDA:336,26,0,0
BRDA:436,27,0,0
BRDA:443,28,0,0
BRDA:450,29,0,0
BRDA:457,30,0,0
BRDA:467,31,0,0
BRDA:475,32,0,0
BRDA:475,33,0,0
BRDA:475,33,1,0
BRF:48
BRH:0
end_of_record
TN:
SF:src\services\memberService.ts
FN:19,(anonymous_1)
FN:39,(anonymous_2)
FN:44,(anonymous_3)
FN:52,(anonymous_4)
FN:60,(anonymous_5)
FN:64,(anonymous_6)
FN:70,(anonymous_7)
FN:109,(anonymous_8)
FN:113,(anonymous_9)
FN:122,(anonymous_10)
FN:126,(anonymous_11)
FN:133,(anonymous_12)
FN:140,(anonymous_13)
FN:147,(anonymous_14)
FN:152,(anonymous_15)
FN:156,(anonymous_16)
FN:163,(anonymous_17)
FN:170,(anonymous_18)
FN:177,(anonymous_19)
FN:191,(anonymous_20)
FN:199,(anonymous_21)
FN:204,(anonymous_22)
FN:228,(anonymous_23)
FN:235,(anonymous_24)
FNF:24
FNH:5
FNDA:1,(anonymous_1)
FNDA:0,(anonymous_2)
FNDA:0,(anonymous_3)
FNDA:0,(anonymous_4)
FNDA:1,(anonymous_5)
FNDA:1,(anonymous_6)
FNDA:1,(anonymous_7)
FNDA:1,(anonymous_8)
FNDA:0,(anonymous_9)
FNDA:0,(anonymous_10)
FNDA:0,(anonymous_11)
FNDA:0,(anonymous_12)
FNDA:0,(anonymous_13)
FNDA:0,(anonymous_14)
FNDA:0,(anonymous_15)
FNDA:0,(anonymous_16)
FNDA:0,(anonymous_17)
FNDA:0,(anonymous_18)
FNDA:0,(anonymous_19)
FNDA:0,(anonymous_20)
FNDA:0,(anonymous_21)
FNDA:0,(anonymous_22)
FNDA:0,(anonymous_23)
FNDA:0,(anonymous_24)
DA:11,1
DA:14,1
DA:15,1
DA:17,1
DA:20,1
DA:22,1
DA:28,1
DA:29,1
DA:30,1
DA:31,1
DA:36,1
DA:37,0
DA:39,0
DA:40,0
DA:41,0
DA:44,0
DA:45,0
DA:48,1
DA:50,0
DA:51,0
DA:52,0
DA:53,0
DA:55,0
DA:61,1
DA:65,1
DA:66,1
DA:71,1
DA:73,1
DA:74,1
DA:75,1
DA:76,1
DA:77,1
DA:78,1
DA:79,1
DA:80,1
DA:82,1
DA:83,0
DA:84,0
DA:87,1
DA:88,0
DA:89,0
DA:92,1
DA:95,1
DA:96,1
DA:99,1
DA:100,0
DA:104,1
DA:105,0
DA:109,1
DA:110,1
DA:111,1
DA:112,1
DA:114,0
DA:115,0
DA:118,1
DA:119,1
DA:123,0
DA:127,0
DA:134,0
DA:141,0
DA:148,0
DA:153,0
DA:157,0
DA:164,0
DA:171,0
DA:178,0
DA:179,0
DA:180,0
DA:182,0
DA:190,0
DA:191,0
DA:192,0
DA:195,0
DA:200,0
DA:205,0
DA:206,0
DA:208,0
DA:209,0
DA:210,0
DA:213,0
DA:214,0
DA:220,0
DA:221,0
DA:224,0
DA:229,0
DA:236,0
DA:243,1
LF:87
LH:38
BRDA:11,0,0,1
BRDA:11,0,1,1
BRDA:19,1,0,1
BRDA:24,2,0,1
BRDA:24,2,1,0
BRDA:36,3,0,0
BRDA:37,4,0,0
BRDA:37,5,0,0
BRDA:37,5,1,0
BRDA:45,6,0,0
BRDA:45,6,1,0
BRDA:50,7,0,0
BRDA:50,8,0,0
BRDA:50,8,1,0
BRDA:60,9,0,1
BRDA:61,10,0,1
BRDA:61,10,1,1
BRDA:66,11,0,0
BRDA:66,11,1,1
BRDA:73,12,0,1
BRDA:74,13,0,0
BRDA:75,14,0,0
BRDA:76,15,0,0
BRDA:77,16,0,0
BRDA:78,17,0,0
BRDA:79,18,0,1
BRDA:80,19,0,0
BRDA:82,20,0,0
BRDA:83,21,0,0
BRDA:84,22,0,0
BRDA:87,23,0,0
BRDA:88,24,0,0
BRDA:89,25,0,0
BRDA:92,26,0,0
BRDA:95,27,0,1
BRDA:95,27,1,0
BRDA:99,28,0,0
BRDA:104,29,0,0
BRDA:185,30,0,0
BRDA:185,30,1,0
BRDA:190,31,0,0
BRDA:192,32,0,0
BRDA:192,32,1,0
BRDA:206,33,0,0
BRDA:208,34,0,0
BRDA:209,35,0,0
BRDA:210,36,0,0
BRDA:214,37,0,0
BRDA:214,37,1,0
BRDA:216,38,0,0
BRDA:216,38,1,0
BRDA:220,39,0,0
BRF:52
BRH:11
end_of_record
TN:
SF:src\types\index.ts
FN:174,(anonymous_9)
FN:182,(anonymous_10)
FN:188,(anonymous_11)
FN:195,(anonymous_12)
FN:201,(anonymous_13)
FN:207,(anonymous_14)
FN:213,(anonymous_15)
FN:220,(anonymous_16)
FNF:8
FNH:0
FNDA:0,(anonymous_9)
FNDA:0,(anonymous_10)
FNDA:0,(anonymous_11)
FNDA:0,(anonymous_12)
FNDA:0,(anonymous_13)
FNDA:0,(anonymous_14)
FNDA:0,(anonymous_15)
FNDA:0,(anonymous_16)
DA:174,0
DA:182,0
DA:188,0
DA:195,0
DA:201,0
DA:207,0
DA:213,0
DA:220,0
LF:8
LH:0
BRDA:174,0,0,0
BRDA:174,0,1,0
BRDA:182,1,0,0
BRDA:182,1,1,0
BRDA:188,2,0,0
BRDA:188,2,1,0
BRDA:195,3,0,0
BRDA:195,3,1,0
BRDA:201,4,0,0
BRDA:201,4,1,0
BRDA:207,5,0,0
BRDA:207,5,1,0
BRDA:213,6,0,0
BRDA:213,6,1,0
BRDA:220,7,0,0
BRDA:220,7,1,0
BRF:16
BRH:0
end_of_record
TN:
SF:src\utils\index.ts
FN:8,cn
FN:15,formatDate
FN:27,formatDateTime
FN:41,truncateText
FN:49,getInitials
FN:52,(anonymous_18)
FN:61,sleep
FN:62,(anonymous_20)
FN:68,debounce
FN:73,(anonymous_22)
FN:75,(anonymous_23)
FN:82,formatPhoneNumber
FN:94,isValidEmail
FN:102,generateColor
FN:121,calculateAge
FN:137,formatFileSize
FNF:16
FNH:0
FNDA:0,cn
FNDA:0,formatDate
FNDA:0,formatDateTime
FNDA:0,truncateText
FNDA:0,getInitials
FNDA:0,(anonymous_18)
FNDA:0,sleep
FNDA:0,(anonymous_20)
FNDA:0,debounce
FNDA:0,(anonymous_22)
FNDA:0,(anonymous_23)
FNDA:0,formatPhoneNumber
FNDA:0,isValidEmail
FNDA:0,generateColor
FNDA:0,calculateAge
FNDA:0,formatFileSize
DA:1,0
DA:2,0
DA:8,0
DA:9,0
DA:15,0
DA:16,0
DA:17,0
DA:27,0
DA:28,0
DA:29,0
DA:41,0
DA:42,0
DA:43,0
DA:49,0
DA:50,0
DA:52,0
DA:61,0
DA:62,0
DA:68,0
DA:73,0
DA:74,0
DA:75,0
DA:82,0
DA:83,0
DA:84,0
DA:85,0
DA:86,0
DA:88,0
DA:94,0
DA:95,0
DA:96,0
DA:102,0
DA:103,0
DA:115,0
DA:121,0
DA:122,0
DA:123,0
DA:124,0
DA:125,0
DA:127,0
DA:128,0
DA:131,0
DA:137,0
DA:138,0
DA:139,0
DA:140,0
DA:142,0
DA:143,0
DA:144,0
DA:147,0
LF:50
LH:0
BRDA:16,0,0,0
BRDA:16,0,1,0
BRDA:28,1,0,0
BRDA:28,1,1,0
BRDA:42,2,0,0
BRDA:85,3,0,0
BRDA:122,4,0,0
BRDA:122,4,1,0
BRDA:127,5,0,0
BRDA:127,6,0,0
BRDA:127,6,1,0
BRDA:127,6,2,0
BRDA:142,7,0,0
BRDA:142,7,1,0
BRF:14
BRH:0
end_of_record
